[CAPI][DEBUG] Adding stub mapping: local:commonapi.BatteryStatus:v1_0:BatteryStatus --> librc-batterysomeipstub.so
[CAPI][INFO] Loading configuration file './racer.ini'
[CAPI][INFO] Using default binding 'someip'
[CAPI][INFO] Using default shared library folder '/usr/local/lib/commonapi'
[CAPI][DEBUG] Loading library for local:commonapi.BatteryStatus:v1_0:BatteryStatus stub.
[CAPI][DEBUG] Added address mapping: local:commonapi.BatteryStatus:v1_0:BatteryStatus <--> [1234.5678(1.0)]
[CAPI][INFO] Registering function for creating "commonapi.BatteryStatus:v1_0" stub adapter.
[CAPI][DEBUG] Loading interface library "librc-batterysomeipstub.so" succeeded.
[CAPI][INFO] Registering stub for "local:commonapi.BatteryStatus:v1_0:BatteryStatus"
[CAPI][DEBUG] Adding stub mapping: local:commonapi.BatteryStatus:v1_0:BatteryStatus --> librc-batterysomeipstub.so
[CAPI][INFO] Loading configuration file './racer.ini'
[CAPI][INFO] Using default binding 'someip'
[CAPI][INFO] Using default shared library folder '/usr/local/lib/commonapi'
[CAPI][DEBUG] Loading library for local:commonapi.BatteryStatus:v1_0:BatteryStatus stub.
[CAPI][DEBUG] Added address mapping: local:commonapi.BatteryStatus:v1_0:BatteryStatus <--> [1234.5678(1.0)]
[CAPI][INFO] Registering function for creating "commonapi.BatteryStatus:v1_0" stub adapter.
[CAPI][DEBUG] Loading interface library "librc-batterysomeipstub.so" succeeded.
[CAPI][INFO] Registering stub for "local:commonapi.BatteryStatus:v1_0:BatteryStatus"
[CAPI][DEBUG] Adding stub mapping: local:commonapi.BatteryStatus:v1_0:BatteryStatus --> librc-batterysomeipstub.so
[CAPI][DEBUG] Adding stub mapping: local:commonapi.GearStatus:v1_0:GearStatus --> librc-gearsomeipstub.so
[CAPI][INFO] Loading configuration file './racer.ini'
[CAPI][INFO] Using default binding 'someip'
[CAPI][INFO] Using default shared library folder '/usr/local/lib/commonapi'
[CAPI][DEBUG] Loading library for local:commonapi.BatteryStatus:v1_0:BatteryStatus stub.
[CAPI][DEBUG] Added address mapping: local:commonapi.BatteryStatus:v1_0:BatteryStatus <--> [1234.5678(1.0)]
[CAPI][INFO] Registering function for creating "commonapi.BatteryStatus:v1_0" stub adapter.
[CAPI][DEBUG] Loading interface library "librc-batterysomeipstub.so" succeeded.
[CAPI][INFO] Registering stub for "local:commonapi.BatteryStatus:v1_0:BatteryStatus"
[CAPI][DEBUG] Adding stub mapping: local:commonapi.BatteryStatus:v1_0:BatteryStatus --> librc-batterysomeipstub.so
[CAPI][DEBUG] Adding stub mapping: local:commonapi.GearStatus:v1_0:GearStatus --> librc-gearsomeipstub.so
[CAPI][INFO] Loading configuration file './racer.ini'
[CAPI][INFO] Using default binding 'someip'
[CAPI][INFO] Using default shared library folder '/usr/local/lib/commonapi'
[CAPI][DEBUG] Loading library for local:commonapi.BatteryStatus:v1_0:BatteryStatus stub.
[CAPI][DEBUG] Added address mapping: local:commonapi.BatteryStatus:v1_0:BatteryStatus <--> [1234.5678(1.0)]
[CAPI][INFO] Registering function for creating "commonapi.BatteryStatus:v1_0" stub adapter.
[CAPI][DEBUG] Loading interface library "librc-batterysomeipstub.so" succeeded.
[CAPI][INFO] Registering stub for "local:commonapi.BatteryStatus:v1_0:BatteryStatus"
[CAPI][DEBUG] Loading library for local:commonapi.GearStatus:v1_0:GearStatus stub.
[CAPI][INFO] Registering function for creating "commonapi.BatteryStatus:v1_0" stub adapter.
[CAPI][DEBUG] Loading interface library "librc-gearsomeipstub.so" succeeded.
[CAPI][INFO] Registering stub for "local:commonapi.GearStatus:v1_0:GearStatus"
[CAPI][ERROR] Registering stub for "local:commonapi.GearStatus:v1_0:GearStatus" failed!
[CAPI][DEBUG] Loading library for local:commonapi.GearStatus:v1_0:GearStatus stub.
[CAPI][INFO] Registering stub for "local:commonapi.GearStatus:v1_0:GearStatus"
[CAPI][ERROR] Registering stub for "local:commonapi.GearStatus:v1_0:GearStatus" failed!
[CAPI][DEBUG] Loading library for local:commonapi.GearStatus:v1_0:GearStatus stub.
[CAPI][INFO] Registering stub for "local:commonapi.GearStatus:v1_0:GearStatus"
[CAPI][ERROR] Registering stub for "local:commonapi.GearStatus:v1_0:GearStatus" failed!
[CAPI][DEBUG] Loading library for local:commonapi.GearStatus:v1_0:GearStatus stub.
[CAPI][INFO] Registering stub for "local:commonapi.GearStatus:v1_0:GearStatus"
[CAPI][ERROR] Registering stub for "local:commonapi.GearStatus:v1_0:GearStatus" failed!
[CAPI][DEBUG] Loading library for local:commonapi.GearStatus:v1_0:GearStatus stub.
[CAPI][INFO] Registering stub for "local:commonapi.GearStatus:v1_0:GearStatus"
[CAPI][ERROR] Registering stub for "local:commonapi.GearStatus:v1_0:GearStatus" failed!
[CAPI][DEBUG] Loading library for local:commonapi.GearStatus:v1_0:GearStatus stub.
[CAPI][INFO] Registering stub for "local:commonapi.GearStatus:v1_0:GearStatus"
[CAPI][ERROR] Registering stub for "local:commonapi.GearStatus:v1_0:GearStatus" failed!
[CAPI][DEBUG] Loading library for local:commonapi.GearStatus:v1_0:GearStatus stub.
[CAPI][INFO] Registering stub for "local:commonapi.GearStatus:v1_0:GearStatus"
[CAPI][ERROR] Registering stub for "local:commonapi.GearStatus:v1_0:GearStatus" failed!
[CAPI][DEBUG] Loading library for local:commonapi.GearStatus:v1_0:GearStatus stub.
[CAPI][INFO] Registering stub for "local:commonapi.GearStatus:v1_0:GearStatus"
[CAPI][ERROR] Registering stub for "local:commonapi.GearStatus:v1_0:GearStatus" failed!
[CAPI][DEBUG] Loading library for local:commonapi.GearStatus:v1_0:GearStatus stub.
[CAPI][INFO] Registering stub for "local:commonapi.GearStatus:v1_0:GearStatus"
[CAPI][ERROR] Registering stub for "local:commonapi.GearStatus:v1_0:GearStatus" failed!
[CAPI][DEBUG] Loading library for local:commonapi.GearStatus:v1_0:GearStatus stub.
[CAPI][INFO] Registering stub for "local:commonapi.GearStatus:v1_0:GearStatus"
[CAPI][ERROR] Registering stub for "local:commonapi.GearStatus:v1_0:GearStatus" failed!
[CAPI][DEBUG] Loading library for local:commonapi.GearStatus:v1_0:GearStatus stub.
[CAPI][INFO] Registering stub for "local:commonapi.GearStatus:v1_0:GearStatus"
[CAPI][ERROR] Registering stub for "local:commonapi.GearStatus:v1_0:GearStatus" failed!
[CAPI][DEBUG] Loading library for local:commonapi.GearStatus:v1_0:GearStatus stub.
[CAPI][INFO] Registering stub for "local:commonapi.GearStatus:v1_0:GearStatus"
[CAPI][ERROR] Registering stub for "local:commonapi.GearStatus:v1_0:GearStatus" failed!
[CAPI][DEBUG] Loading library for local:commonapi.GearStatus:v1_0:GearStatus stub.
[CAPI][INFO] Registering stub for "local:commonapi.GearStatus:v1_0:GearStatus"
[CAPI][ERROR] Registering stub for "local:commonapi.GearStatus:v1_0:GearStatus" failed!
[CAPI][DEBUG] Loading library for local:commonapi.GearStatus:v1_0:GearStatus stub.
[CAPI][INFO] Registering stub for "local:commonapi.GearStatus:v1_0:GearStatus"
[CAPI][ERROR] Registering stub for "local:commonapi.GearStatus:v1_0:GearStatus" failed!
[CAPI][DEBUG] Loading library for local:commonapi.GearStatus:v1_0:GearStatus stub.
[CAPI][INFO] Registering stub for "local:commonapi.GearStatus:v1_0:GearStatus"
[CAPI][ERROR] Registering stub for "local:commonapi.GearStatus:v1_0:GearStatus" failed!
[CAPI][DEBUG] Loading library for local:commonapi.GearStatus:v1_0:GearStatus stub.
[CAPI][INFO] Registering stub for "local:commonapi.GearStatus:v1_0:GearStatus"
[CAPI][ERROR] Registering stub for "local:commonapi.GearStatus:v1_0:GearStatus" failed!
[CAPI][DEBUG] Loading library for local:commonapi.GearStatus:v1_0:GearStatus stub.
[CAPI][INFO] Registering stub for "local:commonapi.GearStatus:v1_0:GearStatus"
[CAPI][ERROR] Registering stub for "local:commonapi.GearStatus:v1_0:GearStatus" failed!
[CAPI][DEBUG] Loading library for local:commonapi.GearStatus:v1_0:GearStatus stub.
[CAPI][INFO] Registering stub for "local:commonapi.GearStatus:v1_0:GearStatus"
[CAPI][ERROR] Registering stub for "local:commonapi.GearStatus:v1_0:GearStatus" failed!
[CAPI][DEBUG] Loading library for local:commonapi.GearStatus:v1_0:GearStatus stub.
[CAPI][INFO] Registering stub for "local:commonapi.GearStatus:v1_0:GearStatus"
[CAPI][ERROR] Registering stub for "local:commonapi.GearStatus:v1_0:GearStatus" failed!
[CAPI][DEBUG] Loading library for local:commonapi.GearStatus:v1_0:GearStatus stub.
[CAPI][INFO] Registering stub for "local:commonapi.GearStatus:v1_0:GearStatus"
[CAPI][ERROR] Registering stub for "local:commonapi.GearStatus:v1_0:GearStatus" failed!
[CAPI][DEBUG] Loading library for local:commonapi.GearStatus:v1_0:GearStatus stub.
[CAPI][INFO] Registering stub for "local:commonapi.GearStatus:v1_0:GearStatus"
[CAPI][ERROR] Registering stub for "local:commonapi.GearStatus:v1_0:GearStatus" failed!
[CAPI][DEBUG] Adding stub mapping: local:commonapi.BatteryStatus:v1_0:BatteryStatus --> librc-batterysomeipstub.so
[CAPI][DEBUG] Adding stub mapping: local:commonapi.GearStatus:v1_0:GearStatus --> librc-gearsomeipstub.so
[CAPI][INFO] Loading configuration file './racer.ini'
[CAPI][INFO] Using default binding 'someip'
[CAPI][INFO] Using default shared library folder '/usr/local/lib/commonapi'
[CAPI][DEBUG] Loading library for local:commonapi.BatteryStatus:v1_0:BatteryStatus stub.
[CAPI][DEBUG] Added address mapping: local:commonapi.BatteryStatus:v1_0:BatteryStatus <--> [1234.5678(1.0)]
[CAPI][INFO] Registering function for creating "commonapi.BatteryStatus:v1_0" stub adapter.
[CAPI][DEBUG] Loading interface library "librc-batterysomeipstub.so" succeeded.
[CAPI][INFO] Registering stub for "local:commonapi.BatteryStatus:v1_0:BatteryStatus"
[CAPI][DEBUG] Loading library for local:commonapi.GearStatus:v1_0:GearStatus stub.
[CAPI][INFO] Registering function for creating "commonapi.BatteryStatus:v1_0" stub adapter.
[CAPI][DEBUG] Loading interface library "librc-gearsomeipstub.so" succeeded.
[CAPI][INFO] Registering stub for "local:commonapi.GearStatus:v1_0:GearStatus"
[CAPI][ERROR] Registering stub for "local:commonapi.GearStatus:v1_0:GearStatus" failed!
[CAPI][DEBUG] Loading library for local:commonapi.GearStatus:v1_0:GearStatus stub.
[CAPI][INFO] Registering stub for "local:commonapi.GearStatus:v1_0:GearStatus"
[CAPI][ERROR] Registering stub for "local:commonapi.GearStatus:v1_0:GearStatus" failed!
[CAPI][DEBUG] Loading library for local:commonapi.GearStatus:v1_0:GearStatus stub.
[CAPI][INFO] Registering stub for "local:commonapi.GearStatus:v1_0:GearStatus"
[CAPI][ERROR] Registering stub for "local:commonapi.GearStatus:v1_0:GearStatus" failed!
[CAPI][DEBUG] Loading library for local:commonapi.GearStatus:v1_0:GearStatus stub.
[CAPI][INFO] Registering stub for "local:commonapi.GearStatus:v1_0:GearStatus"
[CAPI][ERROR] Registering stub for "local:commonapi.GearStatus:v1_0:GearStatus" failed!
[CAPI][DEBUG] Adding stub mapping: local:commonapi.BatteryStatus:v1_0:BatteryStatus --> librc-batterysomeipstub.so
[CAPI][DEBUG] Adding stub mapping: local:commonapi.GearStatus:v1_0:GearStatus --> librc-gearsomeipstub.so
[CAPI][INFO] Loading configuration file './racer.ini'
[CAPI][INFO] Using default binding 'someip'
[CAPI][INFO] Using default shared library folder '/usr/local/lib/commonapi'
[CAPI][DEBUG] Loading library for local:commonapi.BatteryStatus:v1_0:BatteryStatus stub.
[CAPI][DEBUG] Added address mapping: local:commonapi.BatteryStatus:v1_0:BatteryStatus <--> [1234.5678(1.0)]
[CAPI][INFO] Registering function for creating "commonapi.BatteryStatus:v1_0" stub adapter.
[CAPI][DEBUG] Loading interface library "librc-batterysomeipstub.so" succeeded.
[CAPI][INFO] Registering stub for "local:commonapi.BatteryStatus:v1_0:BatteryStatus"
[CAPI][DEBUG] Loading library for local:commonapi.GearStatus:v1_0:GearStatus stub.
[CAPI][DEBUG] Added address mapping: local:commonapi.GearStatus:v1_0:GearStatus <--> [1237.567c(1.0)]
[CAPI][INFO] Registering function for creating "commonapi.GearStatus:v1_0" stub adapter.
[CAPI][DEBUG] Loading interface library "librc-gearsomeipstub.so" succeeded.
[CAPI][INFO] Registering stub for "local:commonapi.GearStatus:v1_0:GearStatus"
[CAPI][DEBUG] Adding stub mapping: local:commonapi.BatteryStatus:v1_0:BatteryStatus --> librc-batterysomeipstub.so
[CAPI][DEBUG] Adding stub mapping: local:commonapi.GearStatus:v1_0:GearStatus --> librc-gearsomeipstub.so
[CAPI][INFO] Loading configuration file './racer.ini'
[CAPI][INFO] Using default binding 'someip'
[CAPI][INFO] Using default shared library folder '/usr/local/lib/commonapi'
[CAPI][DEBUG] Loading library for local:commonapi.BatteryStatus:v1_0:BatteryStatus stub.
[CAPI][DEBUG] Added address mapping: local:commonapi.BatteryStatus:v1_0:BatteryStatus <--> [1234.5678(1.0)]
[CAPI][INFO] Registering function for creating "commonapi.BatteryStatus:v1_0" stub adapter.
[CAPI][DEBUG] Loading interface library "librc-batterysomeipstub.so" succeeded.
[CAPI][INFO] Registering stub for "local:commonapi.BatteryStatus:v1_0:BatteryStatus"
[CAPI][DEBUG] Loading library for local:commonapi.GearStatus:v1_0:GearStatus stub.
[CAPI][DEBUG] Added address mapping: local:commonapi.GearStatus:v1_0:GearStatus <--> [1237.567c(1.0)]
[CAPI][INFO] Registering function for creating "commonapi.GearStatus:v1_0" stub adapter.
[CAPI][DEBUG] Loading interface library "librc-gearsomeipstub.so" succeeded.
[CAPI][INFO] Registering stub for "local:commonapi.GearStatus:v1_0:GearStatus"
[CAPI][DEBUG] Adding stub mapping: local:commonapi.BatteryStatus:v1_0:BatteryStatus --> librc-batterysomeipstub.so
[CAPI][DEBUG] Adding stub mapping: local:commonapi.GearStatus:v1_0:GearStatus --> librc-gearsomeipstub.so
[CAPI][INFO] Loading configuration file './racer.ini'
[CAPI][INFO] Using default binding 'someip'
[CAPI][INFO] Using default shared library folder '/usr/local/lib/commonapi'
[CAPI][DEBUG] Loading library for local:commonapi.BatteryStatus:v1_0:BatteryStatus stub.
[CAPI][DEBUG] Added address mapping: local:commonapi.BatteryStatus:v1_0:BatteryStatus <--> [1234.5678(1.0)]
[CAPI][INFO] Registering function for creating "commonapi.BatteryStatus:v1_0" stub adapter.
[CAPI][DEBUG] Loading interface library "librc-batterysomeipstub.so" succeeded.
[CAPI][INFO] Registering stub for "local:commonapi.BatteryStatus:v1_0:BatteryStatus"
[CAPI][DEBUG] Loading library for local:commonapi.GearStatus:v1_0:GearStatus stub.
[CAPI][DEBUG] Added address mapping: local:commonapi.GearStatus:v1_0:GearStatus <--> [1237.567c(1.0)]
[CAPI][INFO] Registering function for creating "commonapi.GearStatus:v1_0" stub adapter.
[CAPI][DEBUG] Loading interface library "librc-gearsomeipstub.so" succeeded.
[CAPI][INFO] Registering stub for "local:commonapi.GearStatus:v1_0:GearStatus"
[CAPI][DEBUG] Adding stub mapping: local:commonapi.BatteryStatus:v1_0:BatteryStatus --> librc-batterysomeipstub.so
[CAPI][DEBUG] Adding stub mapping: local:commonapi.GearStatus:v1_0:GearStatus --> librc-gearsomeipstub.so
[CAPI][INFO] Loading configuration file './racer.ini'
[CAPI][INFO] Using default binding 'someip'
[CAPI][INFO] Using default shared library folder '/usr/local/lib/commonapi'
[CAPI][DEBUG] Loading library for local:commonapi.BatteryStatus:v1_0:BatteryStatus stub.
[CAPI][DEBUG] Added address mapping: local:commonapi.BatteryStatus:v1_0:BatteryStatus <--> [1234.5678(1.0)]
[CAPI][INFO] Registering function for creating "commonapi.BatteryStatus:v1_0" stub adapter.
[CAPI][DEBUG] Loading interface library "librc-batterysomeipstub.so" succeeded.
[CAPI][INFO] Registering stub for "local:commonapi.BatteryStatus:v1_0:BatteryStatus"
[CAPI][DEBUG] Loading library for local:commonapi.GearStatus:v1_0:GearStatus stub.
[CAPI][DEBUG] Added address mapping: local:commonapi.GearStatus:v1_0:GearStatus <--> [1237.567c(1.0)]
[CAPI][INFO] Registering function for creating "commonapi.GearStatus:v1_0" stub adapter.
[CAPI][DEBUG] Loading interface library "librc-gearsomeipstub.so" succeeded.
[CAPI][INFO] Registering stub for "local:commonapi.GearStatus:v1_0:GearStatus"
[CAPI][DEBUG] Adding stub mapping: local:commonapi.BatteryStatus:v1_0:BatteryStatus --> librc-batterysomeipstub.so
[CAPI][DEBUG] Adding stub mapping: local:commonapi.GearStatus:v1_0:GearStatus --> librc-gearsomeipstub.so
[CAPI][INFO] Loading configuration file './racer.ini'
[CAPI][INFO] Using default binding 'someip'
[CAPI][INFO] Using default shared library folder '/usr/local/lib/commonapi'
[CAPI][DEBUG] Loading library for local:commonapi.BatteryStatus:v1_0:BatteryStatus stub.
[CAPI][DEBUG] Added address mapping: local:commonapi.BatteryStatus:v1_0:BatteryStatus <--> [1234.5678(1.0)]
[CAPI][INFO] Registering function for creating "commonapi.BatteryStatus:v1_0" stub adapter.
[CAPI][DEBUG] Loading interface library "librc-batterysomeipstub.so" succeeded.
[CAPI][INFO] Registering stub for "local:commonapi.BatteryStatus:v1_0:BatteryStatus"
[CAPI][DEBUG] Loading library for local:commonapi.GearStatus:v1_0:GearStatus stub.
[CAPI][DEBUG] Added address mapping: local:commonapi.GearStatus:v1_0:GearStatus <--> [1237.567c(1.0)]
[CAPI][INFO] Registering function for creating "commonapi.GearStatus:v1_0" stub adapter.
[CAPI][DEBUG] Loading interface library "librc-gearsomeipstub.so" succeeded.
[CAPI][INFO] Registering stub for "local:commonapi.GearStatus:v1_0:GearStatus"
[CAPI][DEBUG] Adding stub mapping: local:commonapi.BatteryStatus:v1_0:BatteryStatus --> librc-batterysomeipstub.so
[CAPI][DEBUG] Adding stub mapping: local:commonapi.GearStatus:v1_0:GearStatus --> librc-gearsomeipstub.so
[CAPI][INFO] Loading configuration file './racer.ini'
[CAPI][INFO] Using default binding 'someip'
[CAPI][INFO] Using default shared library folder '/usr/local/lib/commonapi'
[CAPI][DEBUG] Loading library for local:commonapi.BatteryStatus:v1_0:BatteryStatus stub.
[CAPI][DEBUG] Added address mapping: local:commonapi.BatteryStatus:v1_0:BatteryStatus <--> [1234.5678(1.0)]
[CAPI][INFO] Registering function for creating "commonapi.BatteryStatus:v1_0" stub adapter.
[CAPI][DEBUG] Loading interface library "librc-batterysomeipstub.so" succeeded.
[CAPI][INFO] Registering stub for "local:commonapi.BatteryStatus:v1_0:BatteryStatus"
[CAPI][DEBUG] Loading library for local:commonapi.GearStatus:v1_0:GearStatus stub.
[CAPI][DEBUG] Added address mapping: local:commonapi.GearStatus:v1_0:GearStatus <--> [1237.567c(1.0)]
[CAPI][INFO] Registering function for creating "commonapi.GearStatus:v1_0" stub adapter.
[CAPI][DEBUG] Loading interface library "librc-gearsomeipstub.so" succeeded.
[CAPI][INFO] Registering stub for "local:commonapi.GearStatus:v1_0:GearStatus"
[CAPI][DEBUG] Adding stub mapping: local:commonapi.BatteryStatus:v1_0:BatteryStatus --> librc-batterysomeipstub.so
[CAPI][DEBUG] Adding stub mapping: local:commonapi.GearStatus:v1_0:GearStatus --> librc-gearsomeipstub.so
[CAPI][INFO] Loading configuration file './racer.ini'
[CAPI][INFO] Using default binding 'someip'
[CAPI][INFO] Using default shared library folder '/usr/local/lib/commonapi'
[CAPI][DEBUG] Loading library for local:commonapi.BatteryStatus:v1_0:BatteryStatus stub.
[CAPI][DEBUG] Added address mapping: local:commonapi.BatteryStatus:v1_0:BatteryStatus <--> [1234.5678(1.0)]
[CAPI][INFO] Registering function for creating "commonapi.BatteryStatus:v1_0" stub adapter.
[CAPI][DEBUG] Loading interface library "librc-batterysomeipstub.so" succeeded.
[CAPI][INFO] Registering stub for "local:commonapi.BatteryStatus:v1_0:BatteryStatus"
[CAPI][DEBUG] Loading library for local:commonapi.GearStatus:v1_0:GearStatus stub.
[CAPI][DEBUG] Added address mapping: local:commonapi.GearStatus:v1_0:GearStatus <--> [1237.567c(1.0)]
[CAPI][INFO] Registering function for creating "commonapi.GearStatus:v1_0" stub adapter.
[CAPI][DEBUG] Loading interface library "librc-gearsomeipstub.so" succeeded.
[CAPI][INFO] Registering stub for "local:commonapi.GearStatus:v1_0:GearStatus"
[CAPI][DEBUG] Adding stub mapping: local:commonapi.BatteryStatus:v1_0:BatteryStatus --> librc-batterysomeipstub.so
[CAPI][DEBUG] Adding stub mapping: local:commonapi.GearStatus:v1_0:GearStatus --> librc-gearsomeipstub.so
[CAPI][INFO] Loading configuration file './racer.ini'
[CAPI][INFO] Using default binding 'someip'
[CAPI][INFO] Using default shared library folder '/usr/local/lib/commonapi'
[CAPI][DEBUG] Loading library for local:commonapi.BatteryStatus:v1_0:BatteryStatus stub.
[CAPI][DEBUG] Added address mapping: local:commonapi.BatteryStatus:v1_0:BatteryStatus <--> [1234.5678(1.0)]
[CAPI][INFO] Registering function for creating "commonapi.BatteryStatus:v1_0" stub adapter.
[CAPI][DEBUG] Loading interface library "librc-batterysomeipstub.so" succeeded.
[CAPI][INFO] Registering stub for "local:commonapi.BatteryStatus:v1_0:BatteryStatus"
[CAPI][DEBUG] Loading library for local:commonapi.GearStatus:v1_0:GearStatus stub.
[CAPI][DEBUG] Added address mapping: local:commonapi.GearStatus:v1_0:GearStatus <--> [1237.567c(1.0)]
[CAPI][INFO] Registering function for creating "commonapi.GearStatus:v1_0" stub adapter.
[CAPI][DEBUG] Loading interface library "librc-gearsomeipstub.so" succeeded.
[CAPI][INFO] Registering stub for "local:commonapi.GearStatus:v1_0:GearStatus"
[CAPI][DEBUG] Adding stub mapping: local:commonapi.BatteryStatus:v1_0:BatteryStatus --> librc-batterysomeipstub.so
[CAPI][DEBUG] Adding stub mapping: local:commonapi.GearStatus:v1_0:GearStatus --> librc-gearsomeipstub.so
[CAPI][INFO] Loading configuration file './racer.ini'
[CAPI][INFO] Using default binding 'someip'
[CAPI][INFO] Using default shared library folder '/usr/local/lib/commonapi'
[CAPI][DEBUG] Loading library for local:commonapi.BatteryStatus:v1_0:BatteryStatus stub.
[CAPI][DEBUG] Added address mapping: local:commonapi.BatteryStatus:v1_0:BatteryStatus <--> [1234.5678(1.0)]
[CAPI][INFO] Registering function for creating "commonapi.BatteryStatus:v1_0" stub adapter.
[CAPI][DEBUG] Loading interface library "librc-batterysomeipstub.so" succeeded.
[CAPI][INFO] Registering stub for "local:commonapi.BatteryStatus:v1_0:BatteryStatus"
[CAPI][DEBUG] Loading library for local:commonapi.GearStatus:v1_0:GearStatus stub.
[CAPI][DEBUG] Added address mapping: local:commonapi.GearStatus:v1_0:GearStatus <--> [1237.567c(1.0)]
[CAPI][INFO] Registering function for creating "commonapi.GearStatus:v1_0" stub adapter.
[CAPI][DEBUG] Loading interface library "librc-gearsomeipstub.so" succeeded.
[CAPI][INFO] Registering stub for "local:commonapi.GearStatus:v1_0:GearStatus"
[CAPI][DEBUG] Adding stub mapping: local:commonapi.BatteryStatus:v1_0:BatteryStatus --> librc-batterysomeipstub.so
[CAPI][DEBUG] Adding stub mapping: local:commonapi.GearStatus:v1_0:GearStatus --> librc-gearsomeipstub.so
[CAPI][INFO] Loading configuration file './racer.ini'
[CAPI][INFO] Using default binding 'someip'
[CAPI][INFO] Using default shared library folder '/usr/local/lib/commonapi'
[CAPI][DEBUG] Loading library for local:commonapi.BatteryStatus:v1_0:BatteryStatus stub.
[CAPI][DEBUG] Added address mapping: local:commonapi.BatteryStatus:v1_0:BatteryStatus <--> [1234.5678(1.0)]
[CAPI][INFO] Registering function for creating "commonapi.BatteryStatus:v1_0" stub adapter.
[CAPI][DEBUG] Loading interface library "librc-batterysomeipstub.so" succeeded.
[CAPI][INFO] Registering stub for "local:commonapi.BatteryStatus:v1_0:BatteryStatus"
[CAPI][DEBUG] Loading library for local:commonapi.GearStatus:v1_0:GearStatus stub.
[CAPI][DEBUG] Added address mapping: local:commonapi.GearStatus:v1_0:GearStatus <--> [1237.567c(1.0)]
[CAPI][INFO] Registering function for creating "commonapi.GearStatus:v1_0" stub adapter.
[CAPI][DEBUG] Loading interface library "librc-gearsomeipstub.so" succeeded.
[CAPI][INFO] Registering stub for "local:commonapi.GearStatus:v1_0:GearStatus"
