[CAPI][INFO] Loading configuration file '/etc/commonapi.ini'
[CAPI][INFO] Using default binding 'someip'
[CAPI][INFO] Using default shared library folder '/usr/local/lib/commonapi'
[CAPI][DEBUG] Added address mapping: local:commonapi.GearSelection:v1_0:commonapi.Gear <--> [1237.5678(1.0)]
[CAPI][INFO] Registering function for creating "commonapi.GearSelection:v1_0" stub adapter.
[CAPI][DEBUG] Loading library for local:commonapi.GearSelection:v1_0:commonapi.Gear stub.
[CAPI][DEBUG] Loading interface library "libGearSelection-someip.so" failed (libGearSelection-someip.so: cannot open shared object file: No such file or directory)
[CAPI][INFO] Registering stub for "local:commonapi.GearSelection:v1_0:commonapi.Gear"
[CAPI][INFO] Loading configuration file '/etc/commonapi.ini'
[CAPI][INFO] Using default binding 'someip'
[CAPI][INFO] Using default shared library folder '/usr/local/lib/commonapi'
[CAPI][DEBUG] Added address mapping: local:commonapi.GearSelection:v1_0:commonapi.Gear <--> [1237.5678(1.0)]
[CAPI][INFO] Registering function for creating "commonapi.GearSelection:v1_0" stub adapter.
[CAPI][DEBUG] Loading library for local:commonapi.GearSelection:v1_0:commonapi.Gear stub.
[CAPI][DEBUG] Loading interface library "libGearSelection-someip.so" failed (libGearSelection-someip.so: cannot open shared object file: No such file or directory)
[CAPI][INFO] Registering stub for "local:commonapi.GearSelection:v1_0:commonapi.Gear"
[CAPI][INFO] Loading configuration file '/etc/commonapi.ini'
[CAPI][INFO] Using default binding 'someip'
[CAPI][INFO] Using default shared library folder '/usr/local/lib/commonapi'
[CAPI][DEBUG] Added address mapping: local:commonapi.GearSelection:v1_0:commonapi.Gear <--> [1237.5678(1.0)]
[CAPI][INFO] Registering function for creating "commonapi.GearSelection:v1_0" stub adapter.
[CAPI][DEBUG] Loading library for local:commonapi.GearSelection:v1_0:commonapi.Gear stub.
[CAPI][DEBUG] Loading interface library "libGearSelection-someip.so" failed (libGearSelection-someip.so: cannot open shared object file: No such file or directory)
[CAPI][INFO] Registering stub for "local:commonapi.GearSelection:v1_0:commonapi.Gear"
[CAPI][INFO] Loading configuration file '/etc/commonapi.ini'
[CAPI][INFO] Using default binding 'someip'
[CAPI][INFO] Using default shared library folder '/usr/local/lib/commonapi'
[CAPI][DEBUG] Added address mapping: local:commonapi.GearSelection:v1_0:commonapi.Gear <--> [1237.5678(1.0)]
[CAPI][INFO] Registering function for creating "commonapi.GearSelection:v1_0" stub adapter.
[CAPI][DEBUG] Loading library for local:commonapi.GearSelection:v1_0:commonapi.Gear stub.
[CAPI][DEBUG] Loading interface library "libGearSelection-someip.so" failed (libGearSelection-someip.so: cannot open shared object file: No such file or directory)
[CAPI][INFO] Registering stub for "local:commonapi.GearSelection:v1_0:commonapi.Gear"
[CAPI][INFO] Loading configuration file '/etc/commonapi.ini'
[CAPI][INFO] Using default binding 'someip'
[CAPI][INFO] Using default shared library folder '/usr/local/lib/commonapi'
[CAPI][DEBUG] Added address mapping: local:commonapi.GearSelection:v1_0:commonapi.Gear <--> [1237.5678(1.0)]
[CAPI][INFO] Registering function for creating "commonapi.GearSelection:v1_0" stub adapter.
[CAPI][DEBUG] Loading library for local:commonapi.GearSelection:v1_0:commonapi.Gear stub.
[CAPI][DEBUG] Loading interface library "libGearSelection-someip.so" failed (libGearSelection-someip.so: cannot open shared object file: No such file or directory)
[CAPI][INFO] Registering stub for "local:commonapi.GearSelection:v1_0:commonapi.Gear"
[CAPI][INFO] Loading configuration file '/etc/commonapi.ini'
[CAPI][INFO] Using default binding 'someip'
[CAPI][INFO] Using default shared library folder '/usr/local/lib/commonapi'
[CAPI][DEBUG] Added address mapping: local:commonapi.GearSelection:v1_0:commonapi.Gear <--> [1237.5678(1.0)]
[CAPI][INFO] Registering function for creating "commonapi.GearSelection:v1_0" stub adapter.
[CAPI][DEBUG] Loading library for local:commonapi.GearSelection:v1_0:commonapi.Gear stub.
[CAPI][DEBUG] Loading interface library "libGearSelection-someip.so" failed (libGearSelection-someip.so: cannot open shared object file: No such file or directory)
[CAPI][INFO] Registering stub for "local:commonapi.GearSelection:v1_0:commonapi.Gear"
[CAPI][INFO] Loading configuration file '/etc/commonapi.ini'
[CAPI][INFO] Using default binding 'someip'
[CAPI][INFO] Using default shared library folder '/usr/local/lib/commonapi'
[CAPI][DEBUG] Added address mapping: local:commonapi.GearSelection:v1_0:commonapi.Gear <--> [1237.5678(1.0)]
[CAPI][INFO] Registering function for creating "commonapi.GearSelection:v1_0" stub adapter.
[CAPI][DEBUG] Loading library for local:commonapi.GearSelection:v1_0:commonapi.Gear stub.
[CAPI][DEBUG] Loading interface library "libGearSelection-someip.so" failed (libGearSelection-someip.so: cannot open shared object file: No such file or directory)
[CAPI][INFO] Registering stub for "local:commonapi.GearSelection:v1_0:commonapi.Gear"
[CAPI][INFO] Loading configuration file '/etc/commonapi.ini'
[CAPI][INFO] Using default binding 'someip'
[CAPI][INFO] Using default shared library folder '/usr/local/lib/commonapi'
[CAPI][DEBUG] Added address mapping: local:commonapi.GearSelection:v1_0:commonapi.Gear <--> [1237.5678(1.0)]
[CAPI][INFO] Registering function for creating "commonapi.GearSelection:v1_0" stub adapter.
[CAPI][DEBUG] Loading library for local:commonapi.GearSelection:v1_0:commonapi.Gear stub.
[CAPI][DEBUG] Loading interface library "libGearSelection-someip.so" failed (libGearSelection-someip.so: cannot open shared object file: No such file or directory)
[CAPI][INFO] Registering stub for "local:commonapi.GearSelection:v1_0:commonapi.Gear"
[CAPI][INFO] Loading configuration file '/etc/commonapi.ini'
[CAPI][INFO] Using default binding 'someip'
[CAPI][INFO] Using default shared library folder '/usr/local/lib/commonapi'
[CAPI][DEBUG] Added address mapping: local:commonapi.GearSelection:v1_0:commonapi.Gear <--> [1237.5678(1.0)]
[CAPI][INFO] Registering function for creating "commonapi.GearSelection:v1_0" stub adapter.
[CAPI][DEBUG] Loading library for local:commonapi.GearSelection:v1_0:commonapi.Gear stub.
[CAPI][DEBUG] Loading interface library "libGearSelection-someip.so" failed (libGearSelection-someip.so: cannot open shared object file: No such file or directory)
[CAPI][INFO] Registering stub for "local:commonapi.GearSelection:v1_0:commonapi.Gear"
[CAPI][INFO] Loading configuration file '/etc/commonapi.ini'
[CAPI][INFO] Using default binding 'someip'
[CAPI][INFO] Using default shared library folder '/usr/local/lib/commonapi'
[CAPI][DEBUG] Added address mapping: local:commonapi.GearSelection:v1_0:commonapi.Gear <--> [1237.5678(1.0)]
[CAPI][INFO] Registering function for creating "commonapi.GearSelection:v1_0" stub adapter.
[CAPI][DEBUG] Loading library for local:commonapi.GearSelection:v1_0:commonapi.Gear stub.
[CAPI][DEBUG] Loading interface library "libGearSelection-someip.so" failed (libGearSelection-someip.so: cannot open shared object file: No such file or directory)
[CAPI][INFO] Registering stub for "local:commonapi.GearSelection:v1_0:commonapi.Gear"
[CAPI][INFO] Loading configuration file '/etc/commonapi.ini'
[CAPI][INFO] Using default binding 'someip'
[CAPI][INFO] Using default shared library folder '/usr/local/lib/commonapi'
[CAPI][DEBUG] Added address mapping: local:commonapi.GearSelection:v1_0:commonapi.Gear <--> [1237.5678(1.0)]
[CAPI][INFO] Registering function for creating "commonapi.GearSelection:v1_0" stub adapter.
[CAPI][DEBUG] Loading library for local:commonapi.GearSelection:v1_0:commonapi.Gear stub.
[CAPI][DEBUG] Loading interface library "libGearSelection-someip.so" failed (libGearSelection-someip.so: cannot open shared object file: No such file or directory)
[CAPI][INFO] Registering stub for "local:commonapi.GearSelection:v1_0:commonapi.Gear"
[CAPI][INFO] Loading configuration file '/etc/commonapi.ini'
[CAPI][INFO] Using default binding 'someip'
[CAPI][INFO] Using default shared library folder '/usr/local/lib/commonapi'
[CAPI][DEBUG] Added address mapping: local:commonapi.GearSelection:v1_0:commonapi.Gear <--> [1237.5678(1.0)]
[CAPI][INFO] Registering function for creating "commonapi.GearSelection:v1_0" stub adapter.
[CAPI][DEBUG] Loading library for local:commonapi.GearSelection:v1_0:commonapi.Gear stub.
[CAPI][DEBUG] Loading interface library "libGearSelection-someip.so" failed (libGearSelection-someip.so: cannot open shared object file: No such file or directory)
[CAPI][INFO] Registering stub for "local:commonapi.GearSelection:v1_0:commonapi.Gear"
[CAPI][INFO] Loading configuration file '/etc/commonapi.ini'
[CAPI][INFO] Using default binding 'someip'
[CAPI][INFO] Using default shared library folder '/usr/local/lib/commonapi'
[CAPI][DEBUG] Added address mapping: local:commonapi.GearSelection:v1_0:commonapi.Gear <--> [1237.5678(1.0)]
[CAPI][INFO] Registering function for creating "commonapi.GearSelection:v1_0" stub adapter.
[CAPI][DEBUG] Loading library for local:commonapi.GearSelection:v1_0:commonapi.Gear stub.
[CAPI][DEBUG] Loading interface library "libGearSelection-someip.so" failed (libGearSelection-someip.so: cannot open shared object file: No such file or directory)
[CAPI][INFO] Registering stub for "local:commonapi.GearSelection:v1_0:commonapi.Gear"
[CAPI][INFO] Loading configuration file '/etc/commonapi.ini'
[CAPI][INFO] Using default binding 'someip'
[CAPI][INFO] Using default shared library folder '/usr/local/lib/commonapi'
[CAPI][DEBUG] Added address mapping: local:commonapi.GearSelection:v1_0:commonapi.Gear <--> [1237.5678(1.0)]
[CAPI][INFO] Registering function for creating "commonapi.GearSelection:v1_0" stub adapter.
[CAPI][DEBUG] Loading library for local:commonapi.GearSelection:v1_0:commonapi.Gear stub.
[CAPI][DEBUG] Loading interface library "libGearSelection-someip.so" failed (libGearSelection-someip.so: cannot open shared object file: No such file or directory)
[CAPI][INFO] Registering stub for "local:commonapi.GearSelection:v1_0:commonapi.Gear"
[CAPI][INFO] Loading configuration file '/etc/commonapi.ini'
[CAPI][INFO] Using default binding 'someip'
[CAPI][INFO] Using default shared library folder '/usr/local/lib/commonapi'
[CAPI][DEBUG] Added address mapping: local:commonapi.GearSelection:v1_0:commonapi.Gear <--> [1237.5678(1.0)]
[CAPI][INFO] Registering function for creating "commonapi.GearSelection:v1_0" stub adapter.
[CAPI][DEBUG] Loading library for local:commonapi.GearSelection:v1_0:commonapi.Gear stub.
[CAPI][DEBUG] Loading interface library "libGearSelection-someip.so" failed (libGearSelection-someip.so: cannot open shared object file: No such file or directory)
[CAPI][INFO] Registering stub for "local:commonapi.GearSelection:v1_0:commonapi.Gear"
[CAPI][INFO] Loading configuration file '/etc/commonapi.ini'
[CAPI][INFO] Using default binding 'someip'
[CAPI][INFO] Using default shared library folder '/usr/local/lib/commonapi'
[CAPI][DEBUG] Added address mapping: local:commonapi.GearSelection:v1_0:commonapi.Gear <--> [1237.5678(1.0)]
[CAPI][INFO] Registering function for creating "commonapi.GearSelection:v1_0" stub adapter.
[CAPI][DEBUG] Loading library for local:commonapi.GearSelection:v1_0:commonapi.Gear stub.
[CAPI][DEBUG] Loading interface library "libGearSelection-someip.so" failed (libGearSelection-someip.so: cannot open shared object file: No such file or directory)
[CAPI][INFO] Registering stub for "local:commonapi.GearSelection:v1_0:commonapi.Gear"
[CAPI][INFO] Loading configuration file '/etc/commonapi.ini'
[CAPI][INFO] Using default binding 'someip'
[CAPI][INFO] Using default shared library folder '/usr/local/lib/commonapi'
[CAPI][DEBUG] Added address mapping: local:commonapi.GearSelection:v1_0:commonapi.Gear <--> [1237.5678(1.0)]
[CAPI][INFO] Registering function for creating "commonapi.GearSelection:v1_0" stub adapter.
[CAPI][DEBUG] Loading library for local:commonapi.GearSelection:v1_0:commonapi.Gear stub.
[CAPI][DEBUG] Loading interface library "libGearSelection-someip.so" failed (libGearSelection-someip.so: cannot open shared object file: No such file or directory)
[CAPI][INFO] Registering stub for "local:commonapi.GearSelection:v1_0:commonapi.Gear"
[CAPI][INFO] Loading configuration file '/etc/commonapi.ini'
[CAPI][INFO] Using default binding 'someip'
[CAPI][INFO] Using default shared library folder '/usr/local/lib/commonapi'
[CAPI][DEBUG] Added address mapping: local:commonapi.GearSelection:v1_0:commonapi.Gear <--> [1237.5678(1.0)]
[CAPI][INFO] Registering function for creating "commonapi.GearSelection:v1_0" stub adapter.
[CAPI][DEBUG] Loading library for local:commonapi.GearSelection:v1_0:commonapi.Gear stub.
[CAPI][DEBUG] Loading interface library "libGearSelection-someip.so" failed (libGearSelection-someip.so: cannot open shared object file: No such file or directory)
[CAPI][INFO] Registering stub for "local:commonapi.GearSelection:v1_0:commonapi.Gear"
