[CAPI][DEBUG] Adding stub mapping: local:commonapi.BatteryStatus:v1_0:BatteryStatus --> libbatterysomeipstub.so
[CAPI][INFO] Loading configuration file './battery_sender.ini'
[CAPI][INFO] Using default binding 'someip'
[CAPI][INFO] Using default shared library folder '/usr/local/lib/commonapi'
[CAPI][DEBUG] Loading library for local:commonapi.BatteryStatus:v1_0:BatteryStatus stub.
[CAPI][DEBUG] Added address mapping: local:commonapi.BatteryStatus:v1_0:BatteryStatus <--> [1234.5678(1.0)]
[CAPI][INFO] Registering function for creating "commonapi.BatteryStatus:v1_0" stub adapter.
[CAPI][DEBUG] Loading interface library "libbatterysomeipstub.so" succeeded.
[CAPI][INFO] Registering stub for "local:commonapi.BatteryStatus:v1_0:BatteryStatus"
[CAPI][DEBUG] Adding stub mapping: local:commonapi.BatteryStatus:v1_0:BatteryStatus --> libbatterysomeipstub.so
[CAPI][INFO] Loading configuration file './battery_sender.ini'
[CAPI][INFO] Using default binding 'someip'
[CAPI][INFO] Using default shared library folder '/usr/local/lib/commonapi'
[CAPI][DEBUG] Loading library for local:commonapi.BatteryStatus:v1_0:BatteryStatus stub.
[CAPI][DEBUG] Added address mapping: local:commonapi.BatteryStatus:v1_0:BatteryStatus <--> [1234.5678(1.0)]
[CAPI][INFO] Registering function for creating "commonapi.BatteryStatus:v1_0" stub adapter.
[CAPI][DEBUG] Loading interface library "libbatterysomeipstub.so" succeeded.
[CAPI][INFO] Registering stub for "local:commonapi.BatteryStatus:v1_0:BatteryStatus"
[CAPI][DEBUG] Adding stub mapping: local:commonapi.BatteryStatus:v1_0:BatteryStatus --> libbatterysomeipstub.so
[CAPI][INFO] Loading configuration file './battery_sender.ini'
[CAPI][INFO] Using default binding 'someip'
[CAPI][INFO] Using default shared library folder '/usr/local/lib/commonapi'
[CAPI][DEBUG] Loading library for local:commonapi.BatteryStatus:v1_0:BatteryStatus stub.
[CAPI][DEBUG] Added address mapping: local:commonapi.BatteryStatus:v1_0:BatteryStatus <--> [1234.5678(1.0)]
[CAPI][INFO] Registering function for creating "commonapi.BatteryStatus:v1_0" stub adapter.
[CAPI][DEBUG] Loading interface library "libbatterysomeipstub.so" succeeded.
[CAPI][INFO] Registering stub for "local:commonapi.BatteryStatus:v1_0:BatteryStatus"
