[CAPI][INFO] Loading configuration file '/etc/commonapi.ini'
[CAPI][INFO] Using default binding 'someip'
[CAPI][INFO] Using default shared library folder '/usr/local/lib/commonapi'
[CAPI][DEBUG] Loading library for local:commonapi.SpeedStatus:v1_0:SpeedStatus stub.
[CAPI][DEBUG] Loading interface library "liblocal__commonapi_SpeedStatus:v1_0__SpeedStatus.so" failed (liblocal__commonapi_SpeedStatus:v1_0__SpeedStatus.so: cannot open shared object file: No such file or directory)
[CAPI][DEBUG] Loading library for local:commonapi.SpeedStatus:v1_0:SpeedStatus stub.
[CAPI][DEBUG] Loading interface library "liblocal__commonapi_SpeedStatus:v1_0__SpeedStatus.so" failed (liblocal__commonapi_SpeedStatus:v1_0__SpeedStatus.so: cannot open shared object file: No such file or directory)
[CAPI][DEBUG] Loading library for local:commonapi.SpeedStatus:v1_0:SpeedStatus stub.
[CAPI][DEBUG] Loading interface library "liblocal__commonapi_SpeedStatus:v1_0__SpeedStatus.so" failed (liblocal__commonapi_SpeedStatus:v1_0__SpeedStatus.so: cannot open shared object file: No such file or directory)
[CAPI][DEBUG] Loading library for local:commonapi.SpeedStatus:v1_0:SpeedStatus stub.
[CAPI][DEBUG] Loading interface library "liblocal__commonapi_SpeedStatus:v1_0__SpeedStatus.so" failed (liblocal__commonapi_SpeedStatus:v1_0__SpeedStatus.so: cannot open shared object file: No such file or directory)
[CAPI][DEBUG] Loading library for local:commonapi.SpeedStatus:v1_0:SpeedStatus stub.
[CAPI][DEBUG] Loading interface library "liblocal__commonapi_SpeedStatus:v1_0__SpeedStatus.so" failed (liblocal__commonapi_SpeedStatus:v1_0__SpeedStatus.so: cannot open shared object file: No such file or directory)
[CAPI][DEBUG] Loading library for local:commonapi.SpeedStatus:v1_0:SpeedStatus stub.
[CAPI][DEBUG] Loading interface library "liblocal__commonapi_SpeedStatus:v1_0__SpeedStatus.so" failed (liblocal__commonapi_SpeedStatus:v1_0__SpeedStatus.so: cannot open shared object file: No such file or directory)
[CAPI][DEBUG] Loading library for local:commonapi.SpeedStatus:v1_0:SpeedStatus stub.
[CAPI][DEBUG] Loading interface library "liblocal__commonapi_SpeedStatus:v1_0__SpeedStatus.so" failed (liblocal__commonapi_SpeedStatus:v1_0__SpeedStatus.so: cannot open shared object file: No such file or directory)
[CAPI][DEBUG] Loading library for local:commonapi.SpeedStatus:v1_0:SpeedStatus stub.
[CAPI][DEBUG] Loading interface library "liblocal__commonapi_SpeedStatus:v1_0__SpeedStatus.so" failed (liblocal__commonapi_SpeedStatus:v1_0__SpeedStatus.so: cannot open shared object file: No such file or directory)
[CAPI][DEBUG] Loading library for local:commonapi.SpeedStatus:v1_0:SpeedStatus stub.
[CAPI][DEBUG] Loading interface library "liblocal__commonapi_SpeedStatus:v1_0__SpeedStatus.so" failed (liblocal__commonapi_SpeedStatus:v1_0__SpeedStatus.so: cannot open shared object file: No such file or directory)
[CAPI][DEBUG] Loading library for local:commonapi.SpeedStatus:v1_0:SpeedStatus stub.
[CAPI][DEBUG] Loading interface library "liblocal__commonapi_SpeedStatus:v1_0__SpeedStatus.so" failed (liblocal__commonapi_SpeedStatus:v1_0__SpeedStatus.so: cannot open shared object file: No such file or directory)
[CAPI][DEBUG] Loading library for local:commonapi.SpeedStatus:v1_0:SpeedStatus stub.
[CAPI][DEBUG] Loading interface library "liblocal__commonapi_SpeedStatus:v1_0__SpeedStatus.so" failed (liblocal__commonapi_SpeedStatus:v1_0__SpeedStatus.so: cannot open shared object file: No such file or directory)
[CAPI][DEBUG] Loading library for local:commonapi.SpeedStatus:v1_0:SpeedStatus stub.
[CAPI][DEBUG] Loading interface library "liblocal__commonapi_SpeedStatus:v1_0__SpeedStatus.so" failed (liblocal__commonapi_SpeedStatus:v1_0__SpeedStatus.so: cannot open shared object file: No such file or directory)
[CAPI][DEBUG] Loading library for local:commonapi.SpeedStatus:v1_0:SpeedStatus stub.
[CAPI][DEBUG] Loading interface library "liblocal__commonapi_SpeedStatus:v1_0__SpeedStatus.so" failed (liblocal__commonapi_SpeedStatus:v1_0__SpeedStatus.so: cannot open shared object file: No such file or directory)
[CAPI][DEBUG] Loading library for local:commonapi.SpeedStatus:v1_0:SpeedStatus stub.
[CAPI][DEBUG] Loading interface library "liblocal__commonapi_SpeedStatus:v1_0__SpeedStatus.so" failed (liblocal__commonapi_SpeedStatus:v1_0__SpeedStatus.so: cannot open shared object file: No such file or directory)
[CAPI][DEBUG] Loading library for local:commonapi.SpeedStatus:v1_0:SpeedStatus stub.
[CAPI][DEBUG] Loading interface library "liblocal__commonapi_SpeedStatus:v1_0__SpeedStatus.so" failed (liblocal__commonapi_SpeedStatus:v1_0__SpeedStatus.so: cannot open shared object file: No such file or directory)
[CAPI][DEBUG] Loading library for local:commonapi.SpeedStatus:v1_0:SpeedStatus stub.
[CAPI][DEBUG] Loading interface library "liblocal__commonapi_SpeedStatus:v1_0__SpeedStatus.so" failed (liblocal__commonapi_SpeedStatus:v1_0__SpeedStatus.so: cannot open shared object file: No such file or directory)
[CAPI][DEBUG] Loading library for local:commonapi.SpeedStatus:v1_0:SpeedStatus stub.
[CAPI][DEBUG] Loading interface library "liblocal__commonapi_SpeedStatus:v1_0__SpeedStatus.so" failed (liblocal__commonapi_SpeedStatus:v1_0__SpeedStatus.so: cannot open shared object file: No such file or directory)
[CAPI][DEBUG] Loading library for local:commonapi.SpeedStatus:v1_0:SpeedStatus stub.
[CAPI][DEBUG] Loading interface library "liblocal__commonapi_SpeedStatus:v1_0__SpeedStatus.so" failed (liblocal__commonapi_SpeedStatus:v1_0__SpeedStatus.so: cannot open shared object file: No such file or directory)
[CAPI][DEBUG] Loading library for local:commonapi.SpeedStatus:v1_0:SpeedStatus stub.
[CAPI][DEBUG] Loading interface library "liblocal__commonapi_SpeedStatus:v1_0__SpeedStatus.so" failed (liblocal__commonapi_SpeedStatus:v1_0__SpeedStatus.so: cannot open shared object file: No such file or directory)
[CAPI][DEBUG] Loading library for local:commonapi.SpeedStatus:v1_0:SpeedStatus stub.
[CAPI][DEBUG] Loading interface library "liblocal__commonapi_SpeedStatus:v1_0__SpeedStatus.so" failed (liblocal__commonapi_SpeedStatus:v1_0__SpeedStatus.so: cannot open shared object file: No such file or directory)
[CAPI][DEBUG] Loading library for local:commonapi.SpeedStatus:v1_0:SpeedStatus stub.
[CAPI][DEBUG] Loading interface library "liblocal__commonapi_SpeedStatus:v1_0__SpeedStatus.so" failed (liblocal__commonapi_SpeedStatus:v1_0__SpeedStatus.so: cannot open shared object file: No such file or directory)
[CAPI][DEBUG] Loading library for local:commonapi.SpeedStatus:v1_0:SpeedStatus stub.
[CAPI][DEBUG] Loading interface library "liblocal__commonapi_SpeedStatus:v1_0__SpeedStatus.so" failed (liblocal__commonapi_SpeedStatus:v1_0__SpeedStatus.so: cannot open shared object file: No such file or directory)
[CAPI][DEBUG] Loading library for local:commonapi.SpeedStatus:v1_0:SpeedStatus stub.
[CAPI][DEBUG] Loading interface library "liblocal__commonapi_SpeedStatus:v1_0__SpeedStatus.so" failed (liblocal__commonapi_SpeedStatus:v1_0__SpeedStatus.so: cannot open shared object file: No such file or directory)
[CAPI][DEBUG] Loading library for local:commonapi.SpeedStatus:v1_0:SpeedStatus stub.
[CAPI][DEBUG] Loading interface library "liblocal__commonapi_SpeedStatus:v1_0__SpeedStatus.so" failed (liblocal__commonapi_SpeedStatus:v1_0__SpeedStatus.so: cannot open shared object file: No such file or directory)
[CAPI][DEBUG] Loading library for local:commonapi.SpeedStatus:v1_0:SpeedStatus stub.
[CAPI][DEBUG] Loading interface library "liblocal__commonapi_SpeedStatus:v1_0__SpeedStatus.so" failed (liblocal__commonapi_SpeedStatus:v1_0__SpeedStatus.so: cannot open shared object file: No such file or directory)
[CAPI][DEBUG] Loading library for local:commonapi.SpeedStatus:v1_0:SpeedStatus stub.
[CAPI][DEBUG] Loading interface library "liblocal__commonapi_SpeedStatus:v1_0__SpeedStatus.so" failed (liblocal__commonapi_SpeedStatus:v1_0__SpeedStatus.so: cannot open shared object file: No such file or directory)
[CAPI][DEBUG] Loading library for local:commonapi.SpeedStatus:v1_0:SpeedStatus stub.
[CAPI][DEBUG] Loading interface library "liblocal__commonapi_SpeedStatus:v1_0__SpeedStatus.so" failed (liblocal__commonapi_SpeedStatus:v1_0__SpeedStatus.so: cannot open shared object file: No such file or directory)
[CAPI][DEBUG] Loading library for local:commonapi.SpeedStatus:v1_0:SpeedStatus stub.
[CAPI][DEBUG] Loading interface library "liblocal__commonapi_SpeedStatus:v1_0__SpeedStatus.so" failed (liblocal__commonapi_SpeedStatus:v1_0__SpeedStatus.so: cannot open shared object file: No such file or directory)
[CAPI][DEBUG] Loading library for local:commonapi.SpeedStatus:v1_0:SpeedStatus stub.
[CAPI][DEBUG] Loading interface library "liblocal__commonapi_SpeedStatus:v1_0__SpeedStatus.so" failed (liblocal__commonapi_SpeedStatus:v1_0__SpeedStatus.so: cannot open shared object file: No such file or directory)
