[CAPI][DEBUG] Adding proxy mapping: local:commonapi.GearStatus:v1_0:GearStatus --> libhu-gearsomeipproxy.so
[CAPI][INFO] Loading configuration file './head-unit.ini'
[CAPI][INFO] Using default binding 'someip'
[CAPI][INFO] Using default shared library folder '/usr/local/lib/commonapi'
[CAPI][DEBUG] Loading library for local:commonapi.GearStatus:v1_0:GearStatus proxy.
[CAPI][DEBUG] Added address mapping: local:commonapi.GearStatus:v1_0:GearStatus <--> [1237.567c(1.0)]
[CAPI][VERBOSE] Registering function for creating "commonapi.GearStatus:v1_0" proxy.
[CAPI][DEBUG] Loading interface library "libhu-gearsomeipproxy.so" succeeded.
[CAPI][VERBOSE] Creating proxy for "local:commonapi.GearStatus:v1_0:GearStatus"
[CAPI][DEBUG] Adding proxy mapping: local:commonapi.GearStatus:v1_0:GearStatus --> libhu-gearsomeipproxy.so
[CAPI][INFO] Loading configuration file './head-unit.ini'
[CAPI][INFO] Using default binding 'someip'
[CAPI][INFO] Using default shared library folder '/usr/local/lib/commonapi'
[CAPI][DEBUG] Loading library for local:commonapi.GearStatus:v1_0:GearStatus proxy.
[CAPI][DEBUG] Added address mapping: local:commonapi.GearStatus:v1_0:GearStatus <--> [1237.567c(1.0)]
[CAPI][VERBOSE] Registering function for creating "commonapi.GearStatus:v1_0" proxy.
[CAPI][DEBUG] Loading interface library "libhu-gearsomeipproxy.so" succeeded.
[CAPI][VERBOSE] Creating proxy for "local:commonapi.GearStatus:v1_0:GearStatus"
[CAPI][DEBUG] Adding proxy mapping: local:commonapi.GearStatus:v1_0:GearStatus --> libhu-gearsomeipproxy.so
[CAPI][INFO] Loading configuration file './head-unit.ini'
[CAPI][INFO] Using default binding 'someip'
[CAPI][INFO] Using default shared library folder '/usr/local/lib/commonapi'
[CAPI][DEBUG] Loading library for local:commonapi.GearStatus:v1_0:GearStatus proxy.
[CAPI][DEBUG] Added address mapping: local:commonapi.GearStatus:v1_0:GearStatus <--> [1237.567c(1.0)]
[CAPI][VERBOSE] Registering function for creating "commonapi.GearStatus:v1_0" proxy.
[CAPI][DEBUG] Loading interface library "libhu-gearsomeipproxy.so" succeeded.
[CAPI][VERBOSE] Creating proxy for "local:commonapi.GearStatus:v1_0:GearStatus"
[CAPI][DEBUG] Adding proxy mapping: local:commonapi.GearStatus:v1_0:GearStatus --> libhu-gearsomeipproxy.so
[CAPI][INFO] Loading configuration file './head-unit.ini'
[CAPI][INFO] Using default binding 'someip'
[CAPI][INFO] Using default shared library folder '/usr/local/lib/commonapi'
[CAPI][DEBUG] Loading library for local:commonapi.GearStatus:v1_0:GearStatus proxy.
[CAPI][DEBUG] Added address mapping: local:commonapi.GearStatus:v1_0:GearStatus <--> [1237.567c(1.0)]
[CAPI][VERBOSE] Registering function for creating "commonapi.GearStatus:v1_0" proxy.
[CAPI][DEBUG] Loading interface library "libhu-gearsomeipproxy.so" succeeded.
[CAPI][VERBOSE] Creating proxy for "local:commonapi.GearStatus:v1_0:GearStatus"
[CAPI][DEBUG] Adding proxy mapping: local:commonapi.GearStatus:v1_0:GearStatus --> libhu-gearsomeipproxy.so
[CAPI][INFO] Loading configuration file './head-unit.ini'
[CAPI][INFO] Using default binding 'someip'
[CAPI][INFO] Using default shared library folder '/usr/local/lib/commonapi'
[CAPI][DEBUG] Loading library for local:commonapi.GearStatus:v1_0:GearStatus proxy.
[CAPI][DEBUG] Added address mapping: local:commonapi.GearStatus:v1_0:GearStatus <--> [1237.567c(1.0)]
[CAPI][VERBOSE] Registering function for creating "commonapi.GearStatus:v1_0" proxy.
[CAPI][DEBUG] Loading interface library "libhu-gearsomeipproxy.so" succeeded.
[CAPI][VERBOSE] Creating proxy for "local:commonapi.GearStatus:v1_0:GearStatus"
[CAPI][DEBUG] Adding proxy mapping: local:commonapi.GearStatus:v1_0:GearStatus --> libhu-gearsomeipproxy.so
[CAPI][INFO] Loading configuration file './head-unit.ini'
[CAPI][INFO] Using default binding 'someip'
[CAPI][INFO] Using default shared library folder '/usr/local/lib/commonapi'
[CAPI][DEBUG] Loading library for local:commonapi.GearStatus:v1_0:GearStatus proxy.
[CAPI][DEBUG] Added address mapping: local:commonapi.GearStatus:v1_0:GearStatus <--> [1237.567c(1.0)]
[CAPI][VERBOSE] Registering function for creating "commonapi.GearStatus:v1_0" proxy.
[CAPI][DEBUG] Loading interface library "libhu-gearsomeipproxy.so" succeeded.
[CAPI][VERBOSE] Creating proxy for "local:commonapi.GearStatus:v1_0:GearStatus"
[CAPI][DEBUG] Adding proxy mapping: local:commonapi.GearStatus:v1_0:GearStatus --> libhu-gearsomeipproxy.so
[CAPI][INFO] Loading configuration file './head-unit.ini'
[CAPI][INFO] Using default binding 'someip'
[CAPI][INFO] Using default shared library folder '/usr/local/lib/commonapi'
[CAPI][DEBUG] Loading library for local:commonapi.GearStatus:v1_0:GearStatus proxy.
[CAPI][DEBUG] Added address mapping: local:commonapi.GearStatus:v1_0:GearStatus <--> [1237.567c(1.0)]
[CAPI][VERBOSE] Registering function for creating "commonapi.GearStatus:v1_0" proxy.
[CAPI][DEBUG] Loading interface library "libhu-gearsomeipproxy.so" succeeded.
[CAPI][VERBOSE] Creating proxy for "local:commonapi.GearStatus:v1_0:GearStatus"
[CAPI][DEBUG] Adding proxy mapping: local:commonapi.GearStatus:v1_0:GearStatus --> libhu-gearsomeipproxy.so
[CAPI][INFO] Loading configuration file './head-unit.ini'
[CAPI][INFO] Using default binding 'someip'
[CAPI][INFO] Using default shared library folder '/usr/local/lib/commonapi'
[CAPI][DEBUG] Loading library for local:commonapi.GearStatus:v1_0:GearStatus proxy.
[CAPI][DEBUG] Added address mapping: local:commonapi.GearStatus:v1_0:GearStatus <--> [1237.567c(1.0)]
[CAPI][VERBOSE] Registering function for creating "commonapi.GearStatus:v1_0" proxy.
[CAPI][DEBUG] Loading interface library "libhu-gearsomeipproxy.so" succeeded.
[CAPI][VERBOSE] Creating proxy for "local:commonapi.GearStatus:v1_0:GearStatus"
[CAPI][DEBUG] Adding proxy mapping: local:commonapi.GearStatus:v1_0:GearStatus --> libhu-gearsomeipproxy.so
[CAPI][INFO] Loading configuration file './head-unit.ini'
[CAPI][INFO] Using default binding 'someip'
[CAPI][INFO] Using default shared library folder '/usr/local/lib/commonapi'
[CAPI][DEBUG] Loading library for local:commonapi.GearStatus:v1_0:GearStatus proxy.
[CAPI][DEBUG] Added address mapping: local:commonapi.GearStatus:v1_0:GearStatus <--> [1237.567c(1.0)]
[CAPI][VERBOSE] Registering function for creating "commonapi.GearStatus:v1_0" proxy.
[CAPI][DEBUG] Loading interface library "libhu-gearsomeipproxy.so" succeeded.
[CAPI][VERBOSE] Creating proxy for "local:commonapi.GearStatus:v1_0:GearStatus"
[CAPI][DEBUG] Adding proxy mapping: local:commonapi.GearStatus:v1_0:GearStatus --> libhu-gearsomeipproxy.so
[CAPI][INFO] Loading configuration file './head-unit.ini'
[CAPI][INFO] Using default binding 'someip'
[CAPI][INFO] Using default shared library folder '/usr/local/lib/commonapi'
[CAPI][DEBUG] Loading library for local:commonapi.GearStatus:v1_0:GearStatus proxy.
[CAPI][DEBUG] Added address mapping: local:commonapi.GearStatus:v1_0:GearStatus <--> [1237.567c(1.0)]
[CAPI][VERBOSE] Registering function for creating "commonapi.GearStatus:v1_0" proxy.
[CAPI][DEBUG] Loading interface library "libhu-gearsomeipproxy.so" succeeded.
[CAPI][VERBOSE] Creating proxy for "local:commonapi.GearStatus:v1_0:GearStatus"
[CAPI][DEBUG] Adding proxy mapping: local:commonapi.GearStatus:v1_0:GearStatus --> libhu-gearsomeipproxy.so
[CAPI][INFO] Loading configuration file './head-unit.ini'
[CAPI][INFO] Using default binding 'someip'
[CAPI][INFO] Using default shared library folder '/usr/local/lib/commonapi'
[CAPI][DEBUG] Loading library for local:commonapi.GearStatus:v1_0:GearStatus proxy.
[CAPI][DEBUG] Added address mapping: local:commonapi.GearStatus:v1_0:GearStatus <--> [1237.567c(1.0)]
[CAPI][VERBOSE] Registering function for creating "commonapi.GearStatus:v1_0" proxy.
[CAPI][DEBUG] Loading interface library "libhu-gearsomeipproxy.so" succeeded.
[CAPI][VERBOSE] Creating proxy for "local:commonapi.GearStatus:v1_0:GearStatus"
[CAPI][DEBUG] Adding proxy mapping: local:commonapi.GearStatus:v1_0:GearStatus --> libhu-gearsomeipproxy.so
[CAPI][INFO] Loading configuration file './head-unit.ini'
[CAPI][INFO] Using default binding 'someip'
[CAPI][INFO] Using default shared library folder '/usr/local/lib/commonapi'
[CAPI][DEBUG] Loading library for local:commonapi.GearStatus:v1_0:GearStatus proxy.
[CAPI][DEBUG] Added address mapping: local:commonapi.GearStatus:v1_0:GearStatus <--> [1237.567c(1.0)]
[CAPI][VERBOSE] Registering function for creating "commonapi.GearStatus:v1_0" proxy.
[CAPI][DEBUG] Loading interface library "libhu-gearsomeipproxy.so" succeeded.
[CAPI][VERBOSE] Creating proxy for "local:commonapi.GearStatus:v1_0:GearStatus"
[CAPI][DEBUG] Adding proxy mapping: local:commonapi.GearStatus:v1_0:GearStatus --> libhu-gearsomeipproxy.so
[CAPI][INFO] Loading configuration file './head-unit.ini'
[CAPI][INFO] Using default binding 'someip'
[CAPI][INFO] Using default shared library folder '/usr/local/lib/commonapi'
[CAPI][DEBUG] Loading library for local:commonapi.GearStatus:v1_0:GearStatus proxy.
[CAPI][DEBUG] Added address mapping: local:commonapi.GearStatus:v1_0:GearStatus <--> [1237.567c(1.0)]
[CAPI][VERBOSE] Registering function for creating "commonapi.GearStatus:v1_0" proxy.
[CAPI][DEBUG] Loading interface library "libhu-gearsomeipproxy.so" succeeded.
[CAPI][VERBOSE] Creating proxy for "local:commonapi.GearStatus:v1_0:GearStatus"
[CAPI][DEBUG] Adding proxy mapping: local:commonapi.GearStatus:v1_0:GearStatus --> libhu-gearsomeipproxy.so
[CAPI][INFO] Loading configuration file './head-unit.ini'
[CAPI][INFO] Using default binding 'someip'
[CAPI][INFO] Using default shared library folder '/usr/local/lib/commonapi'
[CAPI][DEBUG] Loading library for local:commonapi.GearStatus:v1_0:GearStatus proxy.
[CAPI][DEBUG] Added address mapping: local:commonapi.GearStatus:v1_0:GearStatus <--> [1237.567c(1.0)]
[CAPI][VERBOSE] Registering function for creating "commonapi.GearStatus:v1_0" proxy.
[CAPI][DEBUG] Loading interface library "libhu-gearsomeipproxy.so" succeeded.
[CAPI][VERBOSE] Creating proxy for "local:commonapi.GearStatus:v1_0:GearStatus"
[CAPI][DEBUG] Adding proxy mapping: local:commonapi.GearStatus:v1_0:GearStatus --> libhu-gearsomeipproxy.so
[CAPI][INFO] Loading configuration file './head-unit.ini'
[CAPI][INFO] Using default binding 'someip'
[CAPI][INFO] Using default shared library folder '/usr/local/lib/commonapi'
[CAPI][DEBUG] Loading library for local:commonapi.GearStatus:v1_0:GearStatus proxy.
[CAPI][DEBUG] Added address mapping: local:commonapi.GearStatus:v1_0:GearStatus <--> [1237.567c(1.0)]
[CAPI][VERBOSE] Registering function for creating "commonapi.GearStatus:v1_0" proxy.
[CAPI][DEBUG] Loading interface library "libhu-gearsomeipproxy.so" succeeded.
[CAPI][VERBOSE] Creating proxy for "local:commonapi.GearStatus:v1_0:GearStatus"
[CAPI][DEBUG] Adding proxy mapping: local:commonapi.GearStatus:v1_0:GearStatus --> libhu-gearsomeipproxy.so
[CAPI][INFO] Loading configuration file './head-unit.ini'
[CAPI][INFO] Using default binding 'someip'
[CAPI][INFO] Using default shared library folder '/usr/local/lib/commonapi'
[CAPI][DEBUG] Loading library for local:commonapi.GearStatus:v1_0:GearStatus proxy.
[CAPI][DEBUG] Added address mapping: local:commonapi.GearStatus:v1_0:GearStatus <--> [1237.567c(1.0)]
[CAPI][VERBOSE] Registering function for creating "commonapi.GearStatus:v1_0" proxy.
[CAPI][DEBUG] Loading interface library "libhu-gearsomeipproxy.so" succeeded.
[CAPI][VERBOSE] Creating proxy for "local:commonapi.GearStatus:v1_0:GearStatus"
[CAPI][DEBUG] Adding proxy mapping: local:commonapi.GearStatus:v1_0:GearStatus --> libhu-gearsomeipproxy.so
[CAPI][INFO] Loading configuration file './head-unit.ini'
[CAPI][INFO] Using default binding 'someip'
[CAPI][INFO] Using default shared library folder '/usr/local/lib/commonapi'
[CAPI][DEBUG] Loading library for local:commonapi.GearStatus:v1_0:GearStatus proxy.
[CAPI][DEBUG] Added address mapping: local:commonapi.GearStatus:v1_0:GearStatus <--> [1237.567c(1.0)]
[CAPI][VERBOSE] Registering function for creating "commonapi.GearStatus:v1_0" proxy.
[CAPI][DEBUG] Loading interface library "libhu-gearsomeipproxy.so" succeeded.
[CAPI][VERBOSE] Creating proxy for "local:commonapi.GearStatus:v1_0:GearStatus"
[CAPI][DEBUG] Adding proxy mapping: local:commonapi.GearStatus:v1_0:GearStatus --> libhu-gearsomeipproxy.so
[CAPI][INFO] Loading configuration file './head-unit.ini'
[CAPI][INFO] Using default binding 'someip'
[CAPI][INFO] Using default shared library folder '/usr/local/lib/commonapi'
[CAPI][DEBUG] Loading library for local:commonapi.GearStatus:v1_0:GearStatus proxy.
[CAPI][DEBUG] Added address mapping: local:commonapi.GearStatus:v1_0:GearStatus <--> [1237.567c(1.0)]
[CAPI][VERBOSE] Registering function for creating "commonapi.GearStatus:v1_0" proxy.
[CAPI][DEBUG] Loading interface library "libhu-gearsomeipproxy.so" succeeded.
[CAPI][VERBOSE] Creating proxy for "local:commonapi.GearStatus:v1_0:GearStatus"
[CAPI][DEBUG] Adding proxy mapping: local:commonapi.GearStatus:v1_0:GearStatus --> libhu-gearsomeipproxy.so
[CAPI][INFO] Loading configuration file './head-unit.ini'
[CAPI][INFO] Using default binding 'someip'
[CAPI][INFO] Using default shared library folder '/usr/local/lib/commonapi'
[CAPI][DEBUG] Loading library for local:commonapi.GearStatus:v1_0:GearStatus proxy.
[CAPI][DEBUG] Added address mapping: local:commonapi.GearStatus:v1_0:GearStatus <--> [1237.567c(1.0)]
[CAPI][VERBOSE] Registering function for creating "commonapi.GearStatus:v1_0" proxy.
[CAPI][DEBUG] Loading interface library "libhu-gearsomeipproxy.so" succeeded.
[CAPI][VERBOSE] Creating proxy for "local:commonapi.GearStatus:v1_0:GearStatus"
[CAPI][DEBUG] Adding proxy mapping: local:commonapi.GearStatus:v1_0:GearStatus --> libhu-gearsomeipproxy.so
[CAPI][INFO] Loading configuration file './head-unit.ini'
[CAPI][INFO] Using default binding 'someip'
[CAPI][INFO] Using default shared library folder '/usr/local/lib/commonapi'
[CAPI][DEBUG] Loading library for local:commonapi.GearStatus:v1_0:GearStatus proxy.
[CAPI][DEBUG] Added address mapping: local:commonapi.GearStatus:v1_0:GearStatus <--> [1237.567c(1.0)]
[CAPI][VERBOSE] Registering function for creating "commonapi.GearStatus:v1_0" proxy.
[CAPI][DEBUG] Loading interface library "libhu-gearsomeipproxy.so" succeeded.
[CAPI][VERBOSE] Creating proxy for "local:commonapi.GearStatus:v1_0:GearStatus"
[CAPI][DEBUG] Adding proxy mapping: local:commonapi.GearStatus:v1_0:GearStatus --> libhu-gearsomeipproxy.so
[CAPI][INFO] Loading configuration file './head-unit.ini'
[CAPI][INFO] Using default binding 'someip'
[CAPI][INFO] Using default shared library folder '/usr/local/lib/commonapi'
[CAPI][DEBUG] Loading library for local:commonapi.GearStatus:v1_0:GearStatus proxy.
[CAPI][DEBUG] Added address mapping: local:commonapi.GearStatus:v1_0:GearStatus <--> [1237.567c(1.0)]
[CAPI][VERBOSE] Registering function for creating "commonapi.GearStatus:v1_0" proxy.
[CAPI][DEBUG] Loading interface library "libhu-gearsomeipproxy.so" succeeded.
[CAPI][VERBOSE] Creating proxy for "local:commonapi.GearStatus:v1_0:GearStatus"
[CAPI][DEBUG] Adding proxy mapping: local:commonapi.GearStatus:v1_0:GearStatus --> libhu-gearsomeipproxy.so
[CAPI][INFO] Loading configuration file './head-unit.ini'
[CAPI][INFO] Using default binding 'someip'
[CAPI][INFO] Using default shared library folder '/usr/local/lib/commonapi'
[CAPI][DEBUG] Loading library for local:commonapi.GearStatus:v1_0:GearStatus proxy.
[CAPI][DEBUG] Added address mapping: local:commonapi.GearStatus:v1_0:GearStatus <--> [1237.567c(1.0)]
[CAPI][VERBOSE] Registering function for creating "commonapi.GearStatus:v1_0" proxy.
[CAPI][DEBUG] Loading interface library "libhu-gearsomeipproxy.so" succeeded.
[CAPI][VERBOSE] Creating proxy for "local:commonapi.GearStatus:v1_0:GearStatus"
[CAPI][DEBUG] Adding proxy mapping: local:commonapi.GearStatus:v1_0:GearStatus --> libhu-gearsomeipproxy.so
[CAPI][INFO] Loading configuration file './head-unit.ini'
[CAPI][INFO] Using default binding 'someip'
[CAPI][INFO] Using default shared library folder '/usr/local/lib/commonapi'
[CAPI][DEBUG] Loading library for local:commonapi.GearStatus:v1_0:GearStatus proxy.
[CAPI][DEBUG] Added address mapping: local:commonapi.GearStatus:v1_0:GearStatus <--> [1237.567c(1.0)]
[CAPI][VERBOSE] Registering function for creating "commonapi.GearStatus:v1_0" proxy.
[CAPI][DEBUG] Loading interface library "libhu-gearsomeipproxy.so" succeeded.
[CAPI][VERBOSE] Creating proxy for "local:commonapi.GearStatus:v1_0:GearStatus"
[CAPI][DEBUG] Adding proxy mapping: local:commonapi.GearStatus:v1_0:GearStatus --> libhu-gearsomeipproxy.so
[CAPI][INFO] Loading configuration file './head-unit.ini'
[CAPI][INFO] Using default binding 'someip'
[CAPI][INFO] Using default shared library folder '/usr/local/lib/commonapi'
[CAPI][DEBUG] Loading library for local:commonapi.GearStatus:v1_0:GearStatus proxy.
[CAPI][DEBUG] Added address mapping: local:commonapi.GearStatus:v1_0:GearStatus <--> [1237.567c(1.0)]
[CAPI][VERBOSE] Registering function for creating "commonapi.GearStatus:v1_0" proxy.
[CAPI][DEBUG] Loading interface library "libhu-gearsomeipproxy.so" succeeded.
[CAPI][VERBOSE] Creating proxy for "local:commonapi.GearStatus:v1_0:GearStatus"
[CAPI][DEBUG] Adding proxy mapping: local:commonapi.GearStatus:v1_0:GearStatus --> libhu-gearsomeipproxy.so
[CAPI][INFO] Loading configuration file './head-unit.ini'
[CAPI][INFO] Using default binding 'someip'
[CAPI][INFO] Using default shared library folder '/usr/local/lib/commonapi'
[CAPI][DEBUG] Loading library for local:commonapi.GearStatus:v1_0:GearStatus proxy.
[CAPI][DEBUG] Added address mapping: local:commonapi.GearStatus:v1_0:GearStatus <--> [1237.567c(1.0)]
[CAPI][VERBOSE] Registering function for creating "commonapi.GearStatus:v1_0" proxy.
[CAPI][DEBUG] Loading interface library "libhu-gearsomeipproxy.so" succeeded.
[CAPI][VERBOSE] Creating proxy for "local:commonapi.GearStatus:v1_0:GearStatus"
[CAPI][DEBUG] Adding proxy mapping: local:commonapi.GearStatus:v1_0:GearStatus --> libhu-gearsomeipproxy.so
[CAPI][INFO] Loading configuration file './head-unit.ini'
[CAPI][INFO] Using default binding 'someip'
[CAPI][INFO] Using default shared library folder '/usr/local/lib/commonapi'
[CAPI][DEBUG] Loading library for local:commonapi.GearStatus:v1_0:GearStatus proxy.
[CAPI][DEBUG] Added address mapping: local:commonapi.GearStatus:v1_0:GearStatus <--> [1237.567c(1.0)]
[CAPI][VERBOSE] Registering function for creating "commonapi.GearStatus:v1_0" proxy.
[CAPI][DEBUG] Loading interface library "libhu-gearsomeipproxy.so" succeeded.
[CAPI][VERBOSE] Creating proxy for "local:commonapi.GearStatus:v1_0:GearStatus"
[CAPI][DEBUG] Adding proxy mapping: local:commonapi.GearStatus:v1_0:GearStatus --> libhu-gearsomeipproxy.so
[CAPI][INFO] Loading configuration file './head-unit.ini'
[CAPI][INFO] Using default binding 'someip'
[CAPI][INFO] Using default shared library folder '/usr/local/lib/commonapi'
[CAPI][DEBUG] Loading library for local:commonapi.GearStatus:v1_0:GearStatus proxy.
[CAPI][DEBUG] Added address mapping: local:commonapi.GearStatus:v1_0:GearStatus <--> [1237.567c(1.0)]
[CAPI][VERBOSE] Registering function for creating "commonapi.GearStatus:v1_0" proxy.
[CAPI][DEBUG] Loading interface library "libhu-gearsomeipproxy.so" succeeded.
[CAPI][VERBOSE] Creating proxy for "local:commonapi.GearStatus:v1_0:GearStatus"
[CAPI][DEBUG] Adding proxy mapping: local:commonapi.GearStatus:v1_0:GearStatus --> libhu-gearsomeipproxy.so
[CAPI][INFO] Loading configuration file './head-unit.ini'
[CAPI][INFO] Using default binding 'someip'
[CAPI][INFO] Using default shared library folder '/usr/local/lib/commonapi'
[CAPI][DEBUG] Loading library for local:commonapi.GearStatus:v1_0:GearStatus proxy.
[CAPI][DEBUG] Added address mapping: local:commonapi.GearStatus:v1_0:GearStatus <--> [1237.567c(1.0)]
[CAPI][VERBOSE] Registering function for creating "commonapi.GearStatus:v1_0" proxy.
[CAPI][DEBUG] Loading interface library "libhu-gearsomeipproxy.so" succeeded.
[CAPI][VERBOSE] Creating proxy for "local:commonapi.GearStatus:v1_0:GearStatus"
[CAPI][DEBUG] Adding proxy mapping: local:commonapi.GearStatus:v1_0:GearStatus --> libhu-gearsomeipproxy.so
[CAPI][INFO] Loading configuration file './head-unit.ini'
[CAPI][INFO] Using default binding 'someip'
[CAPI][INFO] Using default shared library folder '/usr/local/lib/commonapi'
[CAPI][DEBUG] Loading library for local:commonapi.GearStatus:v1_0:GearStatus proxy.
[CAPI][DEBUG] Added address mapping: local:commonapi.GearStatus:v1_0:GearStatus <--> [1237.567c(1.0)]
[CAPI][VERBOSE] Registering function for creating "commonapi.GearStatus:v1_0" proxy.
[CAPI][DEBUG] Loading interface library "libhu-gearsomeipproxy.so" succeeded.
[CAPI][VERBOSE] Creating proxy for "local:commonapi.GearStatus:v1_0:GearStatus"
[CAPI][DEBUG] Adding proxy mapping: local:commonapi.GearStatus:v1_0:GearStatus --> libhu-gearsomeipproxy.so
[CAPI][INFO] Loading configuration file './head-unit.ini'
[CAPI][INFO] Using default binding 'someip'
[CAPI][INFO] Using default shared library folder '/usr/local/lib/commonapi'
[CAPI][DEBUG] Loading library for local:commonapi.GearStatus:v1_0:GearStatus proxy.
[CAPI][DEBUG] Added address mapping: local:commonapi.GearStatus:v1_0:GearStatus <--> [1237.567c(1.0)]
[CAPI][VERBOSE] Registering function for creating "commonapi.GearStatus:v1_0" proxy.
[CAPI][DEBUG] Loading interface library "libhu-gearsomeipproxy.so" succeeded.
[CAPI][VERBOSE] Creating proxy for "local:commonapi.GearStatus:v1_0:GearStatus"
[CAPI][DEBUG] Adding proxy mapping: local:commonapi.GearStatus:v1_0:GearStatus --> libhu-gearsomeipproxy.so
[CAPI][INFO] Loading configuration file './head-unit.ini'
[CAPI][INFO] Using default binding 'someip'
[CAPI][INFO] Using default shared library folder '/usr/local/lib/commonapi'
[CAPI][DEBUG] Loading library for local:commonapi.GearStatus:v1_0:GearStatus proxy.
[CAPI][DEBUG] Added address mapping: local:commonapi.GearStatus:v1_0:GearStatus <--> [1237.567c(1.0)]
[CAPI][VERBOSE] Registering function for creating "commonapi.GearStatus:v1_0" proxy.
[CAPI][DEBUG] Loading interface library "libhu-gearsomeipproxy.so" succeeded.
[CAPI][VERBOSE] Creating proxy for "local:commonapi.GearStatus:v1_0:GearStatus"
[CAPI][DEBUG] Adding proxy mapping: local:commonapi.GearStatus:v1_0:GearStatus --> libhu-gearsomeipproxy.so
[CAPI][INFO] Loading configuration file './head-unit.ini'
[CAPI][INFO] Using default binding 'someip'
[CAPI][INFO] Using default shared library folder '/usr/local/lib/commonapi'
[CAPI][DEBUG] Loading library for local:commonapi.GearStatus:v1_0:GearStatus proxy.
[CAPI][DEBUG] Added address mapping: local:commonapi.GearStatus:v1_0:GearStatus <--> [1237.567c(1.0)]
[CAPI][VERBOSE] Registering function for creating "commonapi.GearStatus:v1_0" proxy.
[CAPI][DEBUG] Loading interface library "libhu-gearsomeipproxy.so" succeeded.
[CAPI][VERBOSE] Creating proxy for "local:commonapi.GearStatus:v1_0:GearStatus"
[CAPI][DEBUG] Adding proxy mapping: local:commonapi.GearStatus:v1_0:GearStatus --> libhu-gearsomeipproxy.so
[CAPI][INFO] Loading configuration file './head-unit.ini'
[CAPI][INFO] Using default binding 'someip'
[CAPI][INFO] Using default shared library folder '/usr/local/lib/commonapi'
[CAPI][DEBUG] Loading library for local:commonapi.GearStatus:v1_0:GearStatus proxy.
[CAPI][DEBUG] Added address mapping: local:commonapi.GearStatus:v1_0:GearStatus <--> [1237.567c(1.0)]
[CAPI][VERBOSE] Registering function for creating "commonapi.GearStatus:v1_0" proxy.
[CAPI][DEBUG] Loading interface library "libhu-gearsomeipproxy.so" succeeded.
[CAPI][VERBOSE] Creating proxy for "local:commonapi.GearStatus:v1_0:GearStatus"
[CAPI][DEBUG] Adding proxy mapping: local:commonapi.GearStatus:v1_0:GearStatus --> libhu-gearsomeipproxy.so
[CAPI][INFO] Loading configuration file './head-unit.ini'
[CAPI][INFO] Using default binding 'someip'
[CAPI][INFO] Using default shared library folder '/usr/local/lib/commonapi'
[CAPI][DEBUG] Loading library for local:commonapi.GearStatus:v1_0:GearStatus proxy.
[CAPI][DEBUG] Added address mapping: local:commonapi.GearStatus:v1_0:GearStatus <--> [1237.567c(1.0)]
[CAPI][VERBOSE] Registering function for creating "commonapi.GearStatus:v1_0" proxy.
[CAPI][DEBUG] Loading interface library "libhu-gearsomeipproxy.so" succeeded.
[CAPI][VERBOSE] Creating proxy for "local:commonapi.GearStatus:v1_0:GearStatus"
[CAPI][DEBUG] Adding proxy mapping: local:commonapi.GearStatus:v1_0:GearStatus --> libhu-gearsomeipproxy.so
[CAPI][INFO] Loading configuration file './head-unit.ini'
[CAPI][INFO] Using default binding 'someip'
[CAPI][INFO] Using default shared library folder '/usr/local/lib/commonapi'
[CAPI][DEBUG] Loading library for local:commonapi.GearStatus:v1_0:GearStatus proxy.
[CAPI][DEBUG] Added address mapping: local:commonapi.GearStatus:v1_0:GearStatus <--> [1237.567c(1.0)]
[CAPI][VERBOSE] Registering function for creating "commonapi.GearStatus:v1_0" proxy.
[CAPI][DEBUG] Loading interface library "libhu-gearsomeipproxy.so" succeeded.
[CAPI][VERBOSE] Creating proxy for "local:commonapi.GearStatus:v1_0:GearStatus"
[CAPI][DEBUG] Adding proxy mapping: local:commonapi.GearStatus:v1_0:GearStatus --> libhu-gearsomeipproxy.so
[CAPI][INFO] Loading configuration file './head-unit.ini'
[CAPI][INFO] Using default binding 'someip'
[CAPI][INFO] Using default shared library folder '/usr/local/lib/commonapi'
[CAPI][DEBUG] Loading library for local:commonapi.GearStatus:v1_0:GearStatus proxy.
[CAPI][DEBUG] Added address mapping: local:commonapi.GearStatus:v1_0:GearStatus <--> [1237.567c(1.0)]
[CAPI][VERBOSE] Registering function for creating "commonapi.GearStatus:v1_0" proxy.
[CAPI][DEBUG] Loading interface library "libhu-gearsomeipproxy.so" succeeded.
[CAPI][VERBOSE] Creating proxy for "local:commonapi.GearStatus:v1_0:GearStatus"
[CAPI][DEBUG] Adding proxy mapping: local:commonapi.GearStatus:v1_0:GearStatus --> libhu-gearsomeipproxy.so
[CAPI][INFO] Loading configuration file './head-unit.ini'
[CAPI][INFO] Using default binding 'someip'
[CAPI][INFO] Using default shared library folder '/usr/local/lib/commonapi'
[CAPI][DEBUG] Loading library for local:commonapi.GearStatus:v1_0:GearStatus proxy.
[CAPI][DEBUG] Added address mapping: local:commonapi.GearStatus:v1_0:GearStatus <--> [1237.567c(1.0)]
[CAPI][VERBOSE] Registering function for creating "commonapi.GearStatus:v1_0" proxy.
[CAPI][DEBUG] Loading interface library "libhu-gearsomeipproxy.so" succeeded.
[CAPI][VERBOSE] Creating proxy for "local:commonapi.GearStatus:v1_0:GearStatus"
[CAPI][DEBUG] Adding proxy mapping: local:commonapi.GearStatus:v1_0:GearStatus --> libhu-gearsomeipproxy.so
[CAPI][INFO] Loading configuration file './head-unit.ini'
[CAPI][INFO] Using default binding 'someip'
[CAPI][INFO] Using default shared library folder '/usr/local/lib/commonapi'
[CAPI][DEBUG] Loading library for local:commonapi.GearStatus:v1_0:GearStatus proxy.
[CAPI][DEBUG] Added address mapping: local:commonapi.GearStatus:v1_0:GearStatus <--> [1237.567c(1.0)]
[CAPI][VERBOSE] Registering function for creating "commonapi.GearStatus:v1_0" proxy.
[CAPI][DEBUG] Loading interface library "libhu-gearsomeipproxy.so" succeeded.
[CAPI][VERBOSE] Creating proxy for "local:commonapi.GearStatus:v1_0:GearStatus"
[CAPI][DEBUG] Adding proxy mapping: local:commonapi.GearStatus:v1_0:GearStatus --> libhu-gearsomeipproxy.so
[CAPI][INFO] Loading configuration file './head-unit.ini'
[CAPI][INFO] Using default binding 'someip'
[CAPI][INFO] Using default shared library folder '/usr/local/lib/commonapi'
[CAPI][DEBUG] Loading library for local:commonapi.GearStatus:v1_0:GearStatus proxy.
[CAPI][DEBUG] Added address mapping: local:commonapi.GearStatus:v1_0:GearStatus <--> [1237.567c(1.0)]
[CAPI][VERBOSE] Registering function for creating "commonapi.GearStatus:v1_0" proxy.
[CAPI][DEBUG] Loading interface library "libhu-gearsomeipproxy.so" succeeded.
[CAPI][VERBOSE] Creating proxy for "local:commonapi.GearStatus:v1_0:GearStatus"
[CAPI][DEBUG] Adding proxy mapping: local:commonapi.GearStatus:v1_0:GearStatus --> libhu-gearsomeipproxy.so
[CAPI][INFO] Loading configuration file './head-unit.ini'
[CAPI][INFO] Using default binding 'someip'
[CAPI][INFO] Using default shared library folder '/usr/local/lib/commonapi'
[CAPI][DEBUG] Loading library for local:commonapi.GearStatus:v1_0:GearStatus proxy.
[CAPI][DEBUG] Added address mapping: local:commonapi.GearStatus:v1_0:GearStatus <--> [1237.567c(1.0)]
[CAPI][VERBOSE] Registering function for creating "commonapi.GearStatus:v1_0" proxy.
[CAPI][DEBUG] Loading interface library "libhu-gearsomeipproxy.so" succeeded.
[CAPI][VERBOSE] Creating proxy for "local:commonapi.GearStatus:v1_0:GearStatus"
