[CAPI][INFO] Loading configuration file '/etc/commonapi.ini'
[CAPI][INFO] Using default binding 'someip'
[CAPI][INFO] Using default shared library folder '/usr/local/lib/commonapi'
[CAPI][DEBUG] Loading library for local:commonapi.BatteryStatus:v1_0:BatteryStatus stub.
[CAPI][DEBUG] Loading interface library "liblocal__commonapi_BatteryStatus:v1_0__BatteryStatus.so" failed (liblocal__commonapi_BatteryStatus:v1_0__BatteryStatus.so: cannot open shared object file: No such file or directory)
[CAPI][DEBUG] Loading library for local:commonapi.BatteryStatus:v1_0:BatteryStatus stub.
[CAPI][DEBUG] Loading interface library "liblocal__commonapi_BatteryStatus:v1_0__BatteryStatus.so" failed (liblocal__commonapi_BatteryStatus:v1_0__BatteryStatus.so: cannot open shared object file: No such file or directory)
[CAPI][DEBUG] Loading library for local:commonapi.BatteryStatus:v1_0:BatteryStatus stub.
[CAPI][DEBUG] Loading interface library "liblocal__commonapi_BatteryStatus:v1_0__BatteryStatus.so" failed (liblocal__commonapi_BatteryStatus:v1_0__BatteryStatus.so: cannot open shared object file: No such file or directory)
[CAPI][DEBUG] Loading library for local:commonapi.BatteryStatus:v1_0:BatteryStatus stub.
[CAPI][DEBUG] Loading interface library "liblocal__commonapi_BatteryStatus:v1_0__BatteryStatus.so" failed (liblocal__commonapi_BatteryStatus:v1_0__BatteryStatus.so: cannot open shared object file: No such file or directory)
[CAPI][DEBUG] Loading library for local:commonapi.BatteryStatus:v1_0:BatteryStatus stub.
[CAPI][DEBUG] Loading interface library "liblocal__commonapi_BatteryStatus:v1_0__BatteryStatus.so" failed (liblocal__commonapi_BatteryStatus:v1_0__BatteryStatus.so: cannot open shared object file: No such file or directory)
[CAPI][DEBUG] Loading library for local:commonapi.BatteryStatus:v1_0:BatteryStatus stub.
[CAPI][DEBUG] Loading interface library "liblocal__commonapi_BatteryStatus:v1_0__BatteryStatus.so" failed (liblocal__commonapi_BatteryStatus:v1_0__BatteryStatus.so: cannot open shared object file: No such file or directory)
[CAPI][DEBUG] Loading library for local:commonapi.BatteryStatus:v1_0:BatteryStatus stub.
[CAPI][DEBUG] Loading interface library "liblocal__commonapi_BatteryStatus:v1_0__BatteryStatus.so" failed (liblocal__commonapi_BatteryStatus:v1_0__BatteryStatus.so: cannot open shared object file: No such file or directory)
[CAPI][DEBUG] Loading library for local:commonapi.BatteryStatus:v1_0:BatteryStatus stub.
[CAPI][DEBUG] Loading interface library "liblocal__commonapi_BatteryStatus:v1_0__BatteryStatus.so" failed (liblocal__commonapi_BatteryStatus:v1_0__BatteryStatus.so: cannot open shared object file: No such file or directory)
[CAPI][DEBUG] Loading library for local:commonapi.BatteryStatus:v1_0:BatteryStatus stub.
[CAPI][DEBUG] Loading interface library "liblocal__commonapi_BatteryStatus:v1_0__BatteryStatus.so" failed (liblocal__commonapi_BatteryStatus:v1_0__BatteryStatus.so: cannot open shared object file: No such file or directory)
[CAPI][DEBUG] Loading library for local:commonapi.BatteryStatus:v1_0:BatteryStatus stub.
[CAPI][DEBUG] Loading interface library "liblocal__commonapi_BatteryStatus:v1_0__BatteryStatus.so" failed (liblocal__commonapi_BatteryStatus:v1_0__BatteryStatus.so: cannot open shared object file: No such file or directory)
[CAPI][DEBUG] Loading library for local:commonapi.BatteryStatus:v1_0:BatteryStatus stub.
[CAPI][DEBUG] Loading interface library "liblocal__commonapi_BatteryStatus:v1_0__BatteryStatus.so" failed (liblocal__commonapi_BatteryStatus:v1_0__BatteryStatus.so: cannot open shared object file: No such file or directory)
[CAPI][DEBUG] Loading library for local:commonapi.BatteryStatus:v1_0:BatteryStatus stub.
[CAPI][DEBUG] Loading interface library "liblocal__commonapi_BatteryStatus:v1_0__BatteryStatus.so" failed (liblocal__commonapi_BatteryStatus:v1_0__BatteryStatus.so: cannot open shared object file: No such file or directory)
[CAPI][DEBUG] Loading library for local:commonapi.BatteryStatus:v1_0:BatteryStatus stub.
[CAPI][DEBUG] Loading interface library "liblocal__commonapi_BatteryStatus:v1_0__BatteryStatus.so" failed (liblocal__commonapi_BatteryStatus:v1_0__BatteryStatus.so: cannot open shared object file: No such file or directory)
[CAPI][DEBUG] Loading library for local:commonapi.BatteryStatus:v1_0:BatteryStatus stub.
[CAPI][DEBUG] Loading interface library "liblocal__commonapi_BatteryStatus:v1_0__BatteryStatus.so" failed (liblocal__commonapi_BatteryStatus:v1_0__BatteryStatus.so: cannot open shared object file: No such file or directory)
[CAPI][DEBUG] Loading library for local:commonapi.BatteryStatus:v1_0:BatteryStatus stub.
[CAPI][DEBUG] Loading interface library "liblocal__commonapi_BatteryStatus:v1_0__BatteryStatus.so" failed (liblocal__commonapi_BatteryStatus:v1_0__BatteryStatus.so: cannot open shared object file: No such file or directory)
[CAPI][DEBUG] Loading library for local:commonapi.BatteryStatus:v1_0:BatteryStatus stub.
[CAPI][DEBUG] Loading interface library "liblocal__commonapi_BatteryStatus:v1_0__BatteryStatus.so" failed (liblocal__commonapi_BatteryStatus:v1_0__BatteryStatus.so: cannot open shared object file: No such file or directory)
[CAPI][DEBUG] Loading library for local:commonapi.BatteryStatus:v1_0:BatteryStatus stub.
[CAPI][DEBUG] Loading interface library "liblocal__commonapi_BatteryStatus:v1_0__BatteryStatus.so" failed (liblocal__commonapi_BatteryStatus:v1_0__BatteryStatus.so: cannot open shared object file: No such file or directory)
[CAPI][DEBUG] Loading library for local:commonapi.BatteryStatus:v1_0:BatteryStatus stub.
[CAPI][DEBUG] Loading interface library "liblocal__commonapi_BatteryStatus:v1_0__BatteryStatus.so" failed (liblocal__commonapi_BatteryStatus:v1_0__BatteryStatus.so: cannot open shared object file: No such file or directory)
[CAPI][DEBUG] Loading library for local:commonapi.BatteryStatus:v1_0:BatteryStatus stub.
[CAPI][DEBUG] Loading interface library "liblocal__commonapi_BatteryStatus:v1_0__BatteryStatus.so" failed (liblocal__commonapi_BatteryStatus:v1_0__BatteryStatus.so: cannot open shared object file: No such file or directory)
[CAPI][DEBUG] Loading library for local:commonapi.BatteryStatus:v1_0:BatteryStatus stub.
[CAPI][DEBUG] Loading interface library "liblocal__commonapi_BatteryStatus:v1_0__BatteryStatus.so" failed (liblocal__commonapi_BatteryStatus:v1_0__BatteryStatus.so: cannot open shared object file: No such file or directory)
[CAPI][DEBUG] Loading library for local:commonapi.BatteryStatus:v1_0:BatteryStatus stub.
[CAPI][DEBUG] Loading interface library "liblocal__commonapi_BatteryStatus:v1_0__BatteryStatus.so" failed (liblocal__commonapi_BatteryStatus:v1_0__BatteryStatus.so: cannot open shared object file: No such file or directory)
[CAPI][DEBUG] Loading library for local:commonapi.BatteryStatus:v1_0:BatteryStatus stub.
[CAPI][DEBUG] Loading interface library "liblocal__commonapi_BatteryStatus:v1_0__BatteryStatus.so" failed (liblocal__commonapi_BatteryStatus:v1_0__BatteryStatus.so: cannot open shared object file: No such file or directory)
[CAPI][DEBUG] Loading library for local:commonapi.BatteryStatus:v1_0:BatteryStatus stub.
[CAPI][DEBUG] Loading interface library "liblocal__commonapi_BatteryStatus:v1_0__BatteryStatus.so" failed (liblocal__commonapi_BatteryStatus:v1_0__BatteryStatus.so: cannot open shared object file: No such file or directory)
[CAPI][DEBUG] Loading library for local:commonapi.BatteryStatus:v1_0:BatteryStatus stub.
[CAPI][DEBUG] Loading interface library "liblocal__commonapi_BatteryStatus:v1_0__BatteryStatus.so" failed (liblocal__commonapi_BatteryStatus:v1_0__BatteryStatus.so: cannot open shared object file: No such file or directory)
[CAPI][DEBUG] Loading library for local:commonapi.BatteryStatus:v1_0:BatteryStatus stub.
[CAPI][DEBUG] Loading interface library "liblocal__commonapi_BatteryStatus:v1_0__BatteryStatus.so" failed (liblocal__commonapi_BatteryStatus:v1_0__BatteryStatus.so: cannot open shared object file: No such file or directory)
[CAPI][DEBUG] Loading library for local:commonapi.BatteryStatus:v1_0:BatteryStatus stub.
[CAPI][DEBUG] Loading interface library "liblocal__commonapi_BatteryStatus:v1_0__BatteryStatus.so" failed (liblocal__commonapi_BatteryStatus:v1_0__BatteryStatus.so: cannot open shared object file: No such file or directory)
[CAPI][DEBUG] Loading library for local:commonapi.BatteryStatus:v1_0:BatteryStatus stub.
[CAPI][DEBUG] Loading interface library "liblocal__commonapi_BatteryStatus:v1_0__BatteryStatus.so" failed (liblocal__commonapi_BatteryStatus:v1_0__BatteryStatus.so: cannot open shared object file: No such file or directory)
[CAPI][DEBUG] Loading library for local:commonapi.BatteryStatus:v1_0:BatteryStatus stub.
[CAPI][DEBUG] Loading interface library "liblocal__commonapi_BatteryStatus:v1_0__BatteryStatus.so" failed (liblocal__commonapi_BatteryStatus:v1_0__BatteryStatus.so: cannot open shared object file: No such file or directory)
[CAPI][DEBUG] Loading library for local:commonapi.BatteryStatus:v1_0:BatteryStatus stub.
[CAPI][DEBUG] Loading interface library "liblocal__commonapi_BatteryStatus:v1_0__BatteryStatus.so" failed (liblocal__commonapi_BatteryStatus:v1_0__BatteryStatus.so: cannot open shared object file: No such file or directory)
[CAPI][DEBUG] Loading library for local:commonapi.BatteryStatus:v1_0:BatteryStatus stub.
[CAPI][DEBUG] Loading interface library "liblocal__commonapi_BatteryStatus:v1_0__BatteryStatus.so" failed (liblocal__commonapi_BatteryStatus:v1_0__BatteryStatus.so: cannot open shared object file: No such file or directory)
[CAPI][DEBUG] Loading library for local:commonapi.BatteryStatus:v1_0:BatteryStatus stub.
[CAPI][DEBUG] Loading interface library "liblocal__commonapi_BatteryStatus:v1_0__BatteryStatus.so" failed (liblocal__commonapi_BatteryStatus:v1_0__BatteryStatus.so: cannot open shared object file: No such file or directory)
[CAPI][DEBUG] Loading library for local:commonapi.BatteryStatus:v1_0:BatteryStatus stub.
[CAPI][DEBUG] Loading interface library "liblocal__commonapi_BatteryStatus:v1_0__BatteryStatus.so" failed (liblocal__commonapi_BatteryStatus:v1_0__BatteryStatus.so: cannot open shared object file: No such file or directory)
[CAPI][DEBUG] Loading library for local:commonapi.BatteryStatus:v1_0:BatteryStatus stub.
[CAPI][DEBUG] Loading interface library "liblocal__commonapi_BatteryStatus:v1_0__BatteryStatus.so" failed (liblocal__commonapi_BatteryStatus:v1_0__BatteryStatus.so: cannot open shared object file: No such file or directory)
[CAPI][DEBUG] Loading library for local:commonapi.BatteryStatus:v1_0:BatteryStatus stub.
[CAPI][DEBUG] Loading interface library "liblocal__commonapi_BatteryStatus:v1_0__BatteryStatus.so" failed (liblocal__commonapi_BatteryStatus:v1_0__BatteryStatus.so: cannot open shared object file: No such file or directory)
